2026-04-03 22:46:09,891 [INFO] Activator:176 - 


2026-04-03 22:46:09,902 [INFO] Activator:177 - !SESSION log4j initialized
2026-04-03 22:46:19,902 [INFO] LogOutputStream:77 - [STDOUT_REDIRECT] 
2026-04-03 22:46:22,117 [INFO] ApplicationProperties:184 - Using Application install path: C:\ST\STM32CubeIDE_1.19.0\STM32CubeIDE\plugins\com.st.stm32cube.common.mx_6.15.0.202507011659
2026-04-03 22:46:22,142 [INFO] DbMcusXml:78 - Set database path to: C:\ST\STM32CubeIDE_1.19.0\STM32CubeIDE\plugins\com.st.stm32cube.common.mx_6.15.0.202507011659\\db\/mcu/
2026-04-03 22:46:22,143 [INFO] ApiDb:274 - Set plugin database path to: C:\ST\STM32CubeIDE_1.19.0\STM32CubeIDE\plugins\com.st.stm32cube.common.mx_6.15.0.202507011659\\db\/plugins/boardmanager/
2026-04-03 22:46:22,143 [WARN] ApiDb:259 - Overriding images path with different value:  => C:\ST\STM32CubeIDE_1.19.0\STM32CubeIDE\plugins\com.st.stm32cube.common.mx_6.15.0.202507011659\\db\/plugins/mcufinder/images/
2026-04-03 22:46:22,159 [INFO] ApiDb:250 - Set database path to: C:\Users\YOOCHAN\.stmcufinder\plugins\mcufinder//mcu/
2026-04-03 22:46:22,161 [INFO] DbMcusAds:125 - Set database path to: C:\Users\YOOCHAN\.stmcufinder\plugins\mcufinder//mcu/
2026-04-03 22:46:22,165 [INFO] CrossReferenceDbSqlite:203 - Set database path to: C:\Users\YOOCHAN\.stmcufinder\plugins\mcufinder//mcu/cs/
2026-04-03 22:46:22,374 [INFO] RulesReader:64 - Compatibility file has been processed (317 Rules)
2026-04-03 22:46:22,547 [INFO] DbMcusXml:78 - Set database path to: C:\ST\STM32CubeIDE_1.19.0\STM32CubeIDE\plugins\com.st.stm32cube.common.mx_6.15.0.202507011659\\db\/mcu/
2026-04-03 22:46:22,547 [INFO] ApiDb:274 - Set plugin database path to: C:\ST\STM32CubeIDE_1.19.0\STM32CubeIDE\plugins\com.st.stm32cube.common.mx_6.15.0.202507011659\\db\/plugins/boardmanager/
2026-04-03 22:46:22,548 [INFO] ApiDb:261 - Set plugin images path to: C:\ST\STM32CubeIDE_1.19.0\STM32CubeIDE\plugins\com.st.stm32cube.common.mx_6.15.0.202507011659\\db\/plugins/mcufinder/images/
2026-04-03 22:46:22,548 [WARN] DbFile:41 - Overriding database path with different value: C:\Users\YOOCHAN\.stmcufinder\plugins\mcufinder/ => C:\Users\YOOCHAN\.stmcufinder\plugins\mcufinder
2026-04-03 22:46:22,549 [INFO] ApiDb:250 - Set database path to: C:\Users\YOOCHAN\.stmcufinder\plugins\mcufinder//mcu/
2026-04-03 22:46:22,549 [WARN] DbFile:41 - Overriding database path with different value: C:\Users\YOOCHAN\.stmcufinder\plugins\mcufinder/ => C:\Users\YOOCHAN\.stmcufinder\plugins\mcufinder
2026-04-03 22:46:22,549 [INFO] DbMcusAds:125 - Set database path to: C:\Users\YOOCHAN\.stmcufinder\plugins\mcufinder//mcu/
2026-04-03 22:46:22,549 [WARN] DbFile:41 - Overriding database path with different value: C:\Users\YOOCHAN\.stmcufinder\plugins\mcufinder/ => C:\Users\YOOCHAN\.stmcufinder\plugins\mcufinder
2026-04-03 22:46:22,549 [WARN] DbFile:41 - Overriding database path with different value: C:\Users\YOOCHAN\.stmcufinder\plugins\mcufinder/ => C:\Users\YOOCHAN\.stmcufinder\plugins\mcufinder
2026-04-03 22:46:22,549 [INFO] CrossReferenceDbSqlite:203 - Set database path to: C:\Users\YOOCHAN\.stmcufinder\plugins\mcufinder//mcu/cs/
2026-04-03 22:46:22,651 [INFO] MainPanel:274 - HeapMemory: 268435456
2026-04-03 22:46:22,811 [INFO] DbMcusXml:78 - Set database path to: C:\ST\STM32CubeIDE_1.19.0\STM32CubeIDE\plugins\com.st.stm32cube.common.mx_6.15.0.202507011659\\db\/mcu/
2026-04-03 22:46:22,811 [INFO] ApiDb:274 - Set plugin database path to: C:\ST\STM32CubeIDE_1.19.0\STM32CubeIDE\plugins\com.st.stm32cube.common.mx_6.15.0.202507011659\\db\/plugins/boardmanager/
2026-04-03 22:46:22,811 [INFO] ApiDb:261 - Set plugin images path to: C:\ST\STM32CubeIDE_1.19.0\STM32CubeIDE\plugins\com.st.stm32cube.common.mx_6.15.0.202507011659\\db\/plugins/mcufinder/images/
2026-04-03 22:46:22,811 [WARN] DbFile:41 - Overriding database path with different value: C:\Users\YOOCHAN\.stmcufinder\plugins\mcufinder/ => C:\Users\YOOCHAN\.stmcufinder\plugins\mcufinder
2026-04-03 22:46:22,811 [INFO] ApiDb:250 - Set database path to: C:\Users\YOOCHAN\.stmcufinder\plugins\mcufinder//mcu/
2026-04-03 22:46:22,812 [WARN] DbFile:41 - Overriding database path with different value: C:\Users\YOOCHAN\.stmcufinder\plugins\mcufinder/ => C:\Users\YOOCHAN\.stmcufinder\plugins\mcufinder
2026-04-03 22:46:22,812 [INFO] DbMcusAds:125 - Set database path to: C:\Users\YOOCHAN\.stmcufinder\plugins\mcufinder//mcu/
2026-04-03 22:46:22,812 [WARN] DbFile:41 - Overriding database path with different value: C:\Users\YOOCHAN\.stmcufinder\plugins\mcufinder/ => C:\Users\YOOCHAN\.stmcufinder\plugins\mcufinder
2026-04-03 22:46:22,812 [WARN] DbFile:41 - Overriding database path with different value: C:\Users\YOOCHAN\.stmcufinder\plugins\mcufinder/ => C:\Users\YOOCHAN\.stmcufinder\plugins\mcufinder
2026-04-03 22:46:22,812 [INFO] CrossReferenceDbSqlite:203 - Set database path to: C:\Users\YOOCHAN\.stmcufinder\plugins\mcufinder//mcu/cs/
2026-04-03 22:46:22,840 [INFO] ApplicationProperties:184 - Using Application install path: C:\ST\STM32CubeIDE_1.19.0\STM32CubeIDE\plugins\com.st.stm32cube.common.mx_6.15.0.202507011659
2026-04-03 22:46:22,842 [INFO] PluginManage:196 - Search for loadable plugins [exclusion list=, ]
2026-04-03 22:46:22,844 [INFO] PluginManage:310 - Check plugin analytics
2026-04-03 22:46:23,139 [INFO] AnalyticsPlugin:253 - Accepted Software Licenses: 
2026-04-03 22:46:23,140 [INFO] AnalyticsPlugin:255 - Accepted CMSIS Pack Licenses: 
2026-04-03 22:46:23,140 [INFO] AnalyticsPlugin:257 - Accepted Firmware Licenses: FW.F4.1.28.0
2026-04-03 22:46:23,149 [INFO] PluginManage:359 - Loaded plugin analytics (category:tool,tabindex:-1)
2026-04-03 22:46:23,150 [INFO] PluginManage:310 - Check plugin cadmodel
2026-04-03 22:46:23,164 [INFO] CADModel:105 - Init CAD model plugin
2026-04-03 22:46:23,164 [INFO] PluginManage:359 - Loaded plugin cadmodel (category:power,tabindex:5)
2026-04-03 22:46:23,165 [INFO] PluginManage:310 - Check plugin clock
2026-04-03 22:46:23,187 [INFO] PluginManage:359 - Loaded plugin clock (category:base,tabindex:2)
2026-04-03 22:46:23,187 [INFO] PluginManage:310 - Check plugin ddr
2026-04-03 22:46:23,196 [INFO] PluginManage:359 - Loaded plugin ddr (category:tool,tabindex:6)
2026-04-03 22:46:23,197 [INFO] PluginManage:310 - Check plugin filemanager
2026-04-03 22:46:23,427 [INFO] PluginManage:359 - Loaded plugin filemanager (category:base,tabindex:10)
2026-04-03 22:46:23,427 [INFO] PluginManage:310 - Check plugin ipmanager
2026-04-03 22:46:23,436 [INFO] PluginManage:359 - Loaded plugin ipmanager (category:base,tabindex:5)
2026-04-03 22:46:23,436 [INFO] PluginManage:310 - Check plugin lpbam
2026-04-03 22:46:23,447 [INFO] PluginManage:359 - Loaded plugin lpbam (category:base,tabindex:0)
2026-04-03 22:46:23,448 [INFO] PluginManage:310 - Check plugin memorymap
2026-04-03 22:46:23,467 [INFO] PluginManage:359 - Loaded plugin memorymap (category:base,tabindex:4)
2026-04-03 22:46:23,467 [INFO] PluginManage:310 - Check plugin pinoutandconfiguration
2026-04-03 22:46:23,480 [INFO] PluginManage:359 - Loaded plugin pinoutandconfiguration (category:base,tabindex:1)
2026-04-03 22:46:23,480 [INFO] PluginManage:310 - Check plugin pinoutconfig
2026-04-03 22:46:23,606 [WARN] SupportedApi:132 - Cannot load RTOS API schema: s4s-elt-must-match.1: The content of 'definitions' must match (annotation?, (simpleType | complexType)?, (unique | key | keyref)*)). A problem was found starting at: attribute.
2026-04-03 22:46:23,754 [INFO] PluginManage:359 - Loaded plugin pinoutconfig (category:base,tabindex:0)
2026-04-03 22:46:23,754 [INFO] PluginManage:310 - Check plugin power
2026-04-03 22:46:23,768 [INFO] PluginManage:359 - Loaded plugin power (category:power,tabindex:4)
2026-04-03 22:46:23,768 [INFO] PluginManage:310 - Check plugin projectmanager
2026-04-03 22:46:23,793 [INFO] PluginManage:359 - Loaded plugin projectmanager (category:projectmanager,tabindex:4)
2026-04-03 22:46:23,793 [INFO] PluginManage:310 - Check plugin rif
2026-04-03 22:46:23,805 [INFO] PluginManage:359 - Loaded plugin rif (category:base,tabindex:3)
2026-04-03 22:46:23,805 [INFO] PluginManage:310 - Check plugin thirdparty
2026-04-03 22:46:24,001 [INFO] PluginManage:359 - Loaded plugin thirdparty (category:base,tabindex:-1)
2026-04-03 22:46:24,001 [WARN] IntegrityCheckThread:84 - waiting for thirdparty lock release [integrity check]
2026-04-03 22:46:24,002 [INFO] PluginManage:310 - Check plugin tools
2026-04-03 22:46:24,002 [INFO] IntegrityCheckThread:86 - entering critical section [integrity check]
2026-04-03 22:46:24,002 [INFO] ThirdPartyUpdaterWithRetryManager:70 - Updater plugin not ready yet. [1/15]
2026-04-03 22:46:24,006 [INFO] PluginManage:359 - Loaded plugin tools (category:base,tabindex:7)
2026-04-03 22:46:24,006 [INFO] PluginManage:310 - Check plugin tutovideos
2026-04-03 22:46:24,255 [INFO] PluginManage:359 - Loaded plugin tutovideos (category:base,tabindex:-1)
2026-04-03 22:46:24,255 [INFO] PluginManage:310 - Check plugin updater
2026-04-03 22:46:24,280 [INFO] PluginManage:359 - Loaded plugin updater (category:base,tabindex:12)
2026-04-03 22:46:24,280 [INFO] PluginManage:310 - Check plugin userauth
2026-04-03 22:46:24,286 [INFO] UserAuth:118 - Init User Auth plugin
2026-04-03 22:46:24,287 [INFO] PluginManage:359 - Loaded plugin userauth (category:base,tabindex:14)
2026-04-03 22:46:24,287 [INFO] PluginManage:283 - PluginManage : Loaded plugins [18]
2026-04-03 22:46:24,574 [INFO] PinOutPanel:1589 - setPackage(No Configuration,No Configuration)
2026-04-03 22:46:24,674 [INFO] CADModel:165 - CPN selected for project level
2026-04-03 22:46:24,674 [INFO] CADModel:114 - Register for checkConnection events
2026-04-03 22:46:24,696 [INFO] IPUIPlugin:80 - create IPUIPlugin
2026-04-03 22:46:24,697 [INFO] PluginManager:220 - loadIPPluginJar : add adc
2026-04-03 22:46:24,702 [INFO] IPUIPlugin:80 - create IPUIPlugin
2026-04-03 22:46:24,702 [INFO] PluginManager:220 - loadIPPluginJar : add aes
2026-04-03 22:46:24,705 [INFO] IPUIPlugin:80 - create IPUIPlugin
2026-04-03 22:46:24,706 [INFO] PluginManager:220 - loadIPPluginJar : add can
2026-04-03 22:46:24,708 [INFO] IPUIPlugin:80 - create IPUIPlugin
2026-04-03 22:46:24,708 [INFO] PluginManager:220 - loadIPPluginJar : add comp
2026-04-03 22:46:24,712 [INFO] IPUIPlugin:80 - create IPUIPlugin
2026-04-03 22:46:24,712 [INFO] PluginManager:220 - loadIPPluginJar : add cryp
2026-04-03 22:46:24,717 [INFO] IPUIPlugin:80 - create IPUIPlugin
2026-04-03 22:46:24,717 [INFO] PluginManager:220 - loadIPPluginJar : add ddr_ctrl_phy
2026-04-03 22:46:24,721 [INFO] IPUIPlugin:80 - create IPUIPlugin
2026-04-03 22:46:24,721 [INFO] PluginManager:220 - loadIPPluginJar : add dfsdm
2026-04-03 22:46:24,728 [INFO] IPUIPlugin:80 - create IPUIPlugin
2026-04-03 22:46:24,729 [INFO] PluginManager:220 - loadIPPluginJar : add dma
2026-04-03 22:46:24,732 [INFO] IPUIPlugin:80 - create IPUIPlugin
2026-04-03 22:46:24,732 [INFO] PluginManager:220 - loadIPPluginJar : add dma3
2026-04-03 22:46:24,738 [INFO] IPUIPlugin:80 - create IPUIPlugin
2026-04-03 22:46:24,738 [INFO] PluginManager:220 - loadIPPluginJar : add extmemmanager
2026-04-03 22:46:24,740 [INFO] IPUIPlugin:80 - create IPUIPlugin
2026-04-03 22:46:24,740 [INFO] PluginManager:220 - loadIPPluginJar : add fatfs
2026-04-03 22:46:24,746 [INFO] IPUIPlugin:80 - create IPUIPlugin
2026-04-03 22:46:24,746 [INFO] PluginManager:220 - loadIPPluginJar : add fmc
2026-04-03 22:46:24,755 [INFO] IPUIPlugin:80 - create IPUIPlugin
2026-04-03 22:46:24,755 [INFO] PluginManager:220 - loadIPPluginJar : add freertos
2026-04-03 22:46:24,757 [INFO] IPUIPlugin:80 - create IPUIPlugin
2026-04-03 22:46:24,757 [INFO] PluginManager:220 - loadIPPluginJar : add genericplugin
2026-04-03 22:46:24,760 [INFO] IPUIPlugin:80 - create IPUIPlugin
2026-04-03 22:46:24,760 [INFO] PluginManager:220 - loadIPPluginJar : add gfxmmu
2026-04-03 22:46:24,765 [INFO] IPUIPlugin:80 - create IPUIPlugin
2026-04-03 22:46:24,766 [INFO] PluginManager:220 - loadIPPluginJar : add gic
2026-04-03 22:46:24,771 [INFO] IPUIPlugin:80 - create IPUIPlugin
2026-04-03 22:46:24,771 [INFO] PluginManager:220 - loadIPPluginJar : add gpio
2026-04-03 22:46:24,775 [INFO] IPUIPlugin:80 - create IPUIPlugin
2026-04-03 22:46:24,776 [INFO] PluginManager:220 - loadIPPluginJar : add gtzc
2026-04-03 22:46:24,779 [INFO] IPUIPlugin:80 - create IPUIPlugin
2026-04-03 22:46:24,779 [INFO] PluginManager:220 - loadIPPluginJar : add hash
2026-04-03 22:46:24,788 [INFO] IPUIPlugin:80 - create IPUIPlugin
2026-04-03 22:46:24,788 [INFO] PluginManager:220 - loadIPPluginJar : add i2c
2026-04-03 22:46:24,791 [INFO] IPUIPlugin:80 - create IPUIPlugin
2026-04-03 22:46:24,791 [INFO] PluginManager:220 - loadIPPluginJar : add i2s
2026-04-03 22:46:24,795 [INFO] IPUIPlugin:80 - create IPUIPlugin
2026-04-03 22:46:24,795 [INFO] PluginManager:220 - loadIPPluginJar : add i3c
2026-04-03 22:46:24,799 [INFO] IPUIPlugin:80 - create IPUIPlugin
2026-04-03 22:46:24,799 [INFO] PluginManager:220 - loadIPPluginJar : add ipddr
2026-04-03 22:46:24,808 [INFO] IPUIPlugin:80 - create IPUIPlugin
2026-04-03 22:46:24,809 [INFO] PluginManager:220 - loadIPPluginJar : add linkedlist
2026-04-03 22:46:24,813 [INFO] IPUIPlugin:80 - create IPUIPlugin
2026-04-03 22:46:24,813 [INFO] PluginManager:220 - loadIPPluginJar : add lorawan
2026-04-03 22:46:24,815 [INFO] IPUIPlugin:80 - create IPUIPlugin
2026-04-03 22:46:24,816 [INFO] PluginManager:220 - loadIPPluginJar : add ltdc
2026-04-03 22:46:24,823 [INFO] IPUIPlugin:80 - create IPUIPlugin
2026-04-03 22:46:24,824 [INFO] PluginManager:220 - loadIPPluginJar : add mdma
2026-04-03 22:46:24,828 [INFO] IPUIPlugin:80 - create IPUIPlugin
2026-04-03 22:46:24,828 [INFO] PluginManager:220 - loadIPPluginJar : add nvic
2026-04-03 22:46:24,832 [INFO] IPUIPlugin:80 - create IPUIPlugin
2026-04-03 22:46:24,832 [INFO] PluginManager:220 - loadIPPluginJar : add opamp
2026-04-03 22:46:24,835 [INFO] IPUIPlugin:80 - create IPUIPlugin
2026-04-03 22:46:24,836 [INFO] PluginManager:220 - loadIPPluginJar : add openamp
2026-04-03 22:46:24,839 [INFO] IPUIPlugin:80 - create IPUIPlugin
2026-04-03 22:46:24,839 [INFO] PluginManager:220 - loadIPPluginJar : add pdm2pcm
2026-04-03 22:46:24,845 [INFO] IPUIPlugin:80 - create IPUIPlugin
2026-04-03 22:46:24,847 [INFO] PluginManager:220 - loadIPPluginJar : add plateformsettings
2026-04-03 22:46:24,851 [INFO] IPUIPlugin:80 - create IPUIPlugin
2026-04-03 22:46:24,851 [INFO] PluginManager:220 - loadIPPluginJar : add quadspi
2026-04-03 22:46:24,854 [INFO] IPUIPlugin:80 - create IPUIPlugin
2026-04-03 22:46:24,855 [INFO] PluginManager:220 - loadIPPluginJar : add radio
2026-04-03 22:46:24,861 [INFO] IPUIPlugin:80 - create IPUIPlugin
2026-04-03 22:46:24,861 [INFO] PluginManager:220 - loadIPPluginJar : add resmgrutility
2026-04-03 22:46:24,868 [INFO] IPUIPlugin:80 - create IPUIPlugin
2026-04-03 22:46:24,868 [INFO] PluginManager:220 - loadIPPluginJar : add sai
2026-04-03 22:46:24,872 [INFO] IPUIPlugin:80 - create IPUIPlugin
2026-04-03 22:46:24,872 [INFO] PluginManager:220 - loadIPPluginJar : add spi
2026-04-03 22:46:24,880 [INFO] IPUIPlugin:80 - create IPUIPlugin
2026-04-03 22:46:24,881 [INFO] PluginManager:220 - loadIPPluginJar : add stm32_wpan
2026-04-03 22:46:24,885 [INFO] IPUIPlugin:80 - create IPUIPlugin
2026-04-03 22:46:24,885 [INFO] PluginManager:220 - loadIPPluginJar : add tim
2026-04-03 22:46:24,890 [INFO] IPUIPlugin:80 - create IPUIPlugin
2026-04-03 22:46:24,890 [INFO] PluginManager:220 - loadIPPluginJar : add touchsensing
2026-04-03 22:46:24,895 [INFO] IPUIPlugin:80 - create IPUIPlugin
2026-04-03 22:46:24,895 [INFO] PluginManager:220 - loadIPPluginJar : add tracer_emb
2026-04-03 22:46:24,899 [INFO] IPUIPlugin:80 - create IPUIPlugin
2026-04-03 22:46:24,900 [INFO] PluginManager:220 - loadIPPluginJar : add ts
2026-04-03 22:46:24,902 [INFO] IPUIPlugin:80 - create IPUIPlugin
2026-04-03 22:46:24,902 [INFO] PluginManager:220 - loadIPPluginJar : add tsc
2026-04-03 22:46:24,906 [INFO] IPUIPlugin:80 - create IPUIPlugin
2026-04-03 22:46:24,906 [INFO] PluginManager:220 - loadIPPluginJar : add ucpd
2026-04-03 22:46:24,911 [INFO] IPUIPlugin:80 - create IPUIPlugin
2026-04-03 22:46:24,911 [INFO] PluginManager:220 - loadIPPluginJar : add usart
2026-04-03 22:46:24,916 [INFO] IPUIPlugin:80 - create IPUIPlugin
2026-04-03 22:46:24,916 [INFO] PluginManager:220 - loadIPPluginJar : add usbx
2026-04-03 22:46:25,065 [FATAL] Updater:351 - Updater called before beeing initialized
2026-04-03 22:46:25,107 [INFO] RulesReader:64 - Compatibility file has been processed (317 Rules)
2026-04-03 22:46:25,121 [INFO] RulesReader:64 - Compatibility file has been processed (317 Rules)
2026-04-03 22:46:25,144 [INFO] CADModel:165 - CPN selected for project level
2026-04-03 22:46:25,144 [INFO] CADModel:114 - Register for checkConnection events
2026-04-03 22:46:25,144 [FATAL] Updater:351 - Updater called before beeing initialized
2026-04-03 22:46:25,144 [ERROR] CADModel:125 - Updater not yet initialized, retry later 
2026-04-03 22:46:25,373 [FATAL] Updater:351 - Updater called before beeing initialized
2026-04-03 22:46:25,414 [INFO] CADModel:165 - CPN selected for project level
2026-04-03 22:46:25,414 [INFO] CADModel:114 - Register for checkConnection events
2026-04-03 22:46:25,414 [FATAL] Updater:351 - Updater called before beeing initialized
2026-04-03 22:46:25,414 [ERROR] CADModel:125 - Updater not yet initialized, retry later 
2026-04-03 22:46:25,422 [FATAL] Updater:351 - Updater called before beeing initialized
2026-04-03 22:46:25,612 [FATAL] Updater:351 - Updater called before beeing initialized
2026-04-03 22:46:25,620 [INFO] DbMcusAds:53 - JSON generation date=Thu Mar 05 23:32:53 KST 2026 (1772721173050)
2026-04-03 22:46:25,620 [FATAL] Updater:351 - Updater called before beeing initialized
2026-04-03 22:46:25,728 [WARN] DetailPanel:346 - Failed to get advertising image, set to default
2026-04-03 22:46:25,922 [FATAL] Updater:351 - Updater called before beeing initialized
2026-04-03 22:46:25,925 [FATAL] Updater:351 - Updater called before beeing initialized
2026-04-03 22:46:25,925 [FATAL] Updater:351 - Updater called before beeing initialized
2026-04-03 22:46:25,926 [WARN] DetailPanel:346 - Failed to get advertising image, set to default
2026-04-03 22:46:25,927 [FATAL] Updater:351 - Updater called before beeing initialized
2026-04-03 22:46:26,036 [ERROR] Updater:1198 - MainUpdater not yet initialized. External WinMGr cannot be set.
2026-04-03 22:46:26,039 [INFO] Updater:1134 - Updater Version found : 6.15.0
2026-04-03 22:46:26,064 [INFO] ApplicationProperties:184 - Using Application install path: C:\ST\STM32CubeIDE_1.19.0\STM32CubeIDE\plugins\com.st.stm32cube.common.mx_6.15.0.202507011659
2026-04-03 22:46:26,940 [INFO] MainUpdater:2872 - connection check result : 10
2026-04-03 22:46:26,942 [INFO] MainUpdater:289 - Updater Check For Update Now.
2026-04-03 22:46:26,942 [INFO] MicroXplorer:498 - Change Database Version : DB.6.0.150
2026-04-03 22:46:26,976 [INFO] McuFinderGlobals:63 - Set McuFinder mode to 2 (CubeIDE integrated)
2026-04-03 22:46:26,978 [INFO] UserAuth:487 - Internet connection configuration mode: 1
2026-04-03 22:46:27,007 [WARN] MainUpdater:1193 - Updater busy. Cannot search thirdparties
2026-04-03 22:46:27,008 [INFO] ThirdPartyUpdaterWithRetryManager:96 - Updater plugin is busy. [1/15]
2026-04-03 22:46:27,051 [INFO] JxBrowserEngine:152 - Initiate JxBrowser Engine with user profile folder
2026-04-03 22:46:27,193 [INFO] CheckServerUpdateThread:120 - End of CheckServer Thread
2026-04-03 22:46:29,739 [INFO] WebApp:169 - Instantiating new browser for Auth
2026-04-03 22:46:30,641 [WARN] PackLoader:240 - Cannot read IP mode file for STMicroelectronics.X-CUBE-AZRTOS-H7.3.5.0
2026-04-03 22:46:30,665 [WARN] PackLoader:240 - Cannot read IP mode file for STMicroelectronics.FP-SNS-MOTENVWB1.1.4.0
2026-04-03 22:46:30,675 [WARN] PackLoader:240 - Cannot read IP mode file for STMicroelectronics.FP-ATR-ASTRA1.2.0.2
2026-04-03 22:46:30,687 [WARN] PackLoader:240 - Cannot read IP mode file for STMicroelectronics.X-CUBE-SMBUS.2.1.0
2026-04-03 22:46:30,699 [WARN] PackLoader:240 - Cannot read IP mode file for STMicroelectronics.X-CUBE-ST60.1.0.0
2026-04-03 22:46:30,769 [WARN] PackLoader:240 - Cannot read IP mode file for STMicroelectronics.X-CUBE-AZRTOS-F7.1.1.0
2026-04-03 22:46:30,780 [WARN] PackLoader:240 - Cannot read IP mode file for STMicroelectronics.FP-SNS-MOTENV1.5.1.0
2026-04-03 22:46:30,809 [WARN] PackLoader:240 - Cannot read IP mode file for Infineon.AIROC-Wi-Fi-Bluetooth-STM32.1.7.1
2026-04-03 22:46:30,846 [WARN] PackLoader:240 - Cannot read IP mode file for STMicroelectronics.X-CUBE-AZRTOS-H7.3.4.0
2026-04-03 22:46:30,863 [WARN] PackLoader:240 - Cannot read IP mode file for STMicroelectronics.X-CUBE-DISPLAY.3.0.0
2026-04-03 22:46:30,874 [WARN] PackLoader:240 - Cannot read IP mode file for STMicroelectronics.FP-SNS-MOTENVWB1.1.5.0
2026-04-03 22:46:30,886 [WARN] PackLoader:240 - Cannot read IP mode file for STMicroelectronics.X-CUBE-NFC10.1.0.0
2026-04-03 22:46:30,895 [WARN] PackLoader:240 - Cannot read IP mode file for STMicroelectronics.X-CUBE-ST60.1.1.0
2026-04-03 22:46:30,911 [WARN] PackLoader:240 - Cannot read IP mode file for emotas.I-CUBE-CANOPEN.1.3.0
2026-04-03 22:46:30,920 [WARN] PackLoader:240 - Cannot read IP mode file for STMicroelectronics.X-CUBE-GNSS1.7.1.0
2026-04-03 22:46:30,935 [WARN] PackLoader:240 - Cannot read IP mode file for STMicroelectronics.FP-SNS-STBOX1.2.1.0
2026-04-03 22:46:30,950 [WARN] PackLoader:240 - Cannot read IP mode file for STMicroelectronics.FP-SNS-SMARTAG2.1.2.0
2026-04-03 22:46:30,960 [WARN] PackLoader:240 - Cannot read IP mode file for STMicroelectronics.FP-SNS-FLIGHT1.5.1.0
2026-04-03 22:46:30,982 [INFO] LogOutputStream:77 - [STDOUT_REDIRECT] 1 : Invalid condition id : UX_CORESTACK_Condition cause : null
2026-04-03 22:46:30,983 [INFO] LogOutputStream:77 - [STDOUT_REDIRECT] 1 : Invalid condition id : UX_CORESTACK_Condition cause : null
2026-04-03 22:46:30,985 [INFO] LogOutputStream:77 - [STDOUT_REDIRECT] 1 : Invalid condition id : UX_CORESTACK_Condition cause : null
2026-04-03 22:46:30,988 [INFO] LogOutputStream:77 - [STDOUT_REDIRECT] 1 : Invalid condition id : UX_CORESTACK_Condition cause : null
2026-04-03 22:46:30,991 [INFO] LogOutputStream:77 - [STDOUT_REDIRECT] 1 : Invalid condition id : UX_CORESTACK_Condition cause : null
2026-04-03 22:46:30,995 [WARN] PackLoader:240 - Cannot read IP mode file for STMicroelectronics.X-CUBE-AZRTOS-WL.2.0.0
2026-04-03 22:46:31,005 [WARN] PackLoader:240 - Cannot read IP mode file for STMicroelectronics.FP-SNS-MOTENV1.5.0.0
2026-04-03 22:46:31,032 [WARN] PackLoader:240 - Cannot read IP mode file for STMicroelectronics.X-CUBE-AZRTOS-H7RS.1.2.0
2026-04-03 22:46:31,051 [WARN] PackLoader:240 - Cannot read IP mode file for WES.I-CUBE-Cesium.1.3.0
2026-04-03 22:46:31,063 [WARN] PackLoader:240 - Cannot read IP mode file for STMicroelectronics.X-CUBE-BLE2.3.3.0
2026-04-03 22:46:31,103 [WARN] PackLoader:240 - Cannot read IP mode file for STMicroelectronics.X-CUBE-NFC9.1.0.0
2026-04-03 22:46:31,115 [WARN] PackLoader:240 - Cannot read IP mode file for wolfSSL.I-CUBE-wolfSSL.5.8.2
2026-04-03 22:46:31,132 [WARN] PackLoader:240 - Cannot read IP mode file for STMicroelectronics.X-CUBE-BLE1.7.1.0
2026-04-03 22:46:31,140 [WARN] PackLoader:240 - Cannot read IP mode file for wolfSSL.I-CUBE-wolfMQTT.1.19.2
2026-04-03 22:46:31,152 [WARN] PackLoader:240 - Cannot read IP mode file for STMicroelectronics.X-CUBE-FREERTOS.1.4.0
2026-04-03 22:46:31,166 [WARN] PackLoader:240 - Cannot read IP mode file for STMicroelectronics.X-CUBE-EEPRMA1.5.2.0
2026-04-03 22:46:31,183 [WARN] PackLoader:240 - Cannot read IP mode file for STMicroelectronics.X-CUBE-ST67W61.1.1.0
2026-04-03 22:46:31,239 [WARN] PackLoader:240 - Cannot read IP mode file for STMicroelectronics.X-CUBE-MEMS1.12.0.0
2026-04-03 22:46:31,246 [INFO] WebApp:463 - Apply proxy settings
2026-04-03 22:46:31,247 [INFO] WebApp:548 - Chromium requires no authentication
2026-04-03 22:46:31,284 [INFO] WebApp:491 - Direct internet connection detected
2026-04-03 22:46:31,356 [WARN] PackLoader:240 - Cannot read IP mode file for STMicroelectronics.X-CUBE-AZRTOS-G0.1.1.0
2026-04-03 22:46:31,367 [WARN] PackLoader:240 - Cannot read IP mode file for STMicroelectronics.X-CUBE-SAFEA1.1.2.2
2026-04-03 22:46:31,377 [WARN] PackLoader:240 - Cannot read IP mode file for STMicroelectronics.X-CUBE-NFC4.3.0.0
2026-04-03 22:46:31,399 [WARN] PackLoader:240 - Cannot read IP mode file for EmbeddedOffice.I-CUBE-FS-RTOS.1.0.1
2026-04-03 22:46:31,408 [WARN] PackLoader:240 - Cannot read IP mode file for STMicroelectronics.X-CUBE-WB05N.2.0.0
2026-04-03 22:46:31,414 [INFO] WebApp:900 - Register for checkConnection events
2026-04-03 22:46:31,414 [INFO] WebApp:463 - Apply proxy settings
2026-04-03 22:46:31,415 [INFO] WebApp:548 - Chromium requires no authentication
2026-04-03 22:46:31,416 [INFO] WebApp:491 - Direct internet connection detected
2026-04-03 22:46:31,417 [WARN] PackLoader:240 - Cannot read IP mode file for wolfSSL.I-CUBE-wolfTPM.3.8.0
2026-04-03 22:46:31,428 [WARN] PackLoader:240 - Cannot read IP mode file for STMicroelectronics.X-CUBE-TCPP.4.2.0
2026-04-03 22:46:31,440 [WARN] PackLoader:240 - Cannot read IP mode file for RealThread.X-CUBE-RT-Thread_Nano.4.1.1
2026-04-03 22:46:31,452 [WARN] PackLoader:240 - Cannot read IP mode file for STMicroelectronics.FP-ATR-SIGFOX1.3.2.0
2026-04-03 22:46:31,460 [WARN] PackLoader:240 - Cannot read IP mode file for STMicroelectronics.X-CUBE-FREERTOS.1.5.0
2026-04-03 22:46:31,506 [WARN] PackLoader:240 - Cannot read IP mode file for ITTIA_DB.I-CUBE-ITTIADB.8.9.0
2026-04-03 22:46:31,518 [WARN] PackLoader:240 - Cannot read IP mode file for STMicroelectronics.X-CUBE-NFC6.3.2.0
2026-04-03 22:46:31,536 [WARN] PackLoader:240 - Cannot read IP mode file for STMicroelectronics.X-CUBE-ST67W61.1.0.0
2026-04-03 22:46:31,547 [WARN] PackLoader:240 - Cannot read IP mode file for STMicroelectronics.X-CUBE-AI.10.2.0
2026-04-03 22:46:31,596 [WARN] PackLoader:240 - Cannot read IP mode file for SEGGER.I-CUBE-embOS.1.3.1
2026-04-03 22:46:31,643 [WARN] PackLoader:240 - Cannot read IP mode file for STMicroelectronics.X-CUBE-ALGOBUILD.1.4.0
2026-04-03 22:46:31,711 [WARN] PackLoader:240 - Cannot read IP mode file for STMicroelectronics.X-CUBE-MEMS1.11.3.0
2026-04-03 22:46:31,739 [INFO] WebApp:191 - Connection restablished
2026-04-03 22:46:31,853 [WARN] PackLoader:240 - Cannot read IP mode file for STMicroelectronics.X-CUBE-PM33A1.1.0.0
2026-04-03 22:46:31,878 [WARN] PackLoader:240 - Cannot read IP mode file for STMicroelectronics.X-CUBE-AZRTOS-F4.1.1.0
2026-04-03 22:46:31,887 [WARN] PackLoader:240 - Cannot read IP mode file for Avnet-IotConnect.X-CUBE-IoTC-DA16k-PMOD.1.0.0
2026-04-03 22:46:31,897 [WARN] PackLoader:240 - Cannot read IP mode file for STMicroelectronics.X-CUBE-ISPU.2.1.0
2026-04-03 22:46:31,915 [WARN] PackLoader:240 - Cannot read IP mode file for STMicroelectronics.X-CUBE-IPS.3.2.0
2026-04-03 22:46:31,931 [WARN] PackLoader:240 - Cannot read IP mode file for STMicroelectronics.X-CUBE-NFC12.1.0.0
2026-04-03 22:46:31,956 [WARN] PackLoader:240 - Cannot read IP mode file for STMicroelectronics.X-CUBE-AZRTOS-L5.2.0.0
2026-04-03 22:46:31,968 [WARN] PackLoader:240 - Cannot read IP mode file for STMicroelectronics.X-CUBE-NFC6.3.1.0
2026-04-03 22:46:31,976 [WARN] PackLoader:240 - Cannot read IP mode file for STMicroelectronics.X-CUBE-FREERTOS.1.3.1
2026-04-03 22:46:31,988 [WARN] PackLoader:240 - Cannot read IP mode file for STMicroelectronics.X-CUBE-TOUCHGFX.4.26.0
2026-04-03 22:46:31,994 [WARN] PackLoader:240 - Cannot read IP mode file for STMicroelectronics.X-CUBE-TOUCHGFX.4.26.1
2026-04-03 22:46:32,002 [WARN] PackLoader:240 - Cannot read IP mode file for STMicroelectronics.FP-SNS-STAIOTCFT.1.0.0
2026-04-03 22:46:32,010 [WARN] PackLoader:240 - Cannot read IP mode file for STMicroelectronics.X-CUBE-DPower.1.3.0
2026-04-03 22:46:32,029 [WARN] ConditionMgr:438 - getConditionDescription Invalid condition id : LAN8742 Phy interface Condition cause : null
2026-04-03 22:46:32,030 [WARN] PackLoader:240 - Cannot read IP mode file for STMicroelectronics.X-CUBE-AZRTOS-L4.2.0.0
2026-04-03 22:46:32,031 [WARN] ConditionMgr:1044 - genDependencies : Invalid condition id : LAN8742 Phy interface Condition cause : null
2026-04-03 22:46:32,032 [WARN] ConditionMgr:1044 - genDependencies : Invalid condition id : LAN8742 Phy interface Condition cause : null
2026-04-03 22:46:32,032 [WARN] ConditionMgr:1044 - genDependencies : Invalid condition id : LAN8742 Phy interface Condition cause : null
2026-04-03 22:46:32,042 [WARN] PackLoader:240 - Cannot read IP mode file for STMicroelectronics.X-CUBE-SFXS2LP1.4.0.0
2026-04-03 22:46:32,050 [WARN] PackLoader:240 - Cannot read IP mode file for STMicroelectronics.X-CUBE-ST67W61.1.2.0
2026-04-03 22:46:32,062 [WARN] PackLoader:240 - Cannot read IP mode file for STMicroelectronics.X-CUBE-BLEMGR.4.1.0
2026-04-03 22:46:32,080 [WARN] ConditionMgr:438 - getConditionDescription Invalid condition id : UX DEVICE CLASS RTOS Condition cause : null
2026-04-03 22:46:32,080 [WARN] ConditionMgr:438 - getConditionDescription Invalid condition id : UX DEVICE CLASS RTOS Condition cause : null
2026-04-03 22:46:32,083 [WARN] PackLoader:240 - Cannot read IP mode file for STMicroelectronics.X-CUBE-AZRTOS-WB.2.0.0
2026-04-03 22:46:32,083 [WARN] ConditionMgr:1044 - genDependencies : Invalid condition id : UX DEVICE CLASS RTOS Condition cause : null
2026-04-03 22:46:32,084 [WARN] ConditionMgr:1044 - genDependencies : Invalid condition id : UX DEVICE CLASS RTOS Condition cause : null
2026-04-03 22:46:32,084 [WARN] ConditionMgr:1044 - genDependencies : Invalid condition id : UX DEVICE CLASS RTOS Condition cause : null
2026-04-03 22:46:32,084 [WARN] ConditionMgr:1044 - genDependencies : Invalid condition id : UX DEVICE CLASS RTOS Condition cause : null
2026-04-03 22:46:32,084 [WARN] ConditionMgr:1044 - genDependencies : Invalid condition id : UX DEVICE CLASS RTOS Condition cause : null
2026-04-03 22:46:32,091 [WARN] PackLoader:240 - Cannot read IP mode file for STMicroelectronics.X-CUBE-GNSS1.7.0.1
2026-04-03 22:46:32,097 [WARN] PackLoader:240 - Cannot read IP mode file for STMicroelectronics.X-CUBE-TOUCHGFX.4.25.0
2026-04-03 22:46:32,107 [WARN] ConditionMgr:438 - getConditionDescription Invalid condition id : Cortex-A Device cause : null
2026-04-03 22:46:32,120 [WARN] ConditionMgr:1044 - genDependencies : Invalid condition id : Cortex-A Device cause : null
2026-04-03 22:46:32,120 [WARN] ConditionMgr:1044 - genDependencies : Invalid condition id : Cortex-A Device cause : null
2026-04-03 22:46:32,121 [WARN] ConditionMgr:1044 - genDependencies : Invalid condition id : Cortex-A Device cause : null
2026-04-03 22:46:32,133 [WARN] PackLoader:240 - Cannot read IP mode file for STMicroelectronics.X-CUBE-STSE01.2.0.0
2026-04-03 22:46:32,150 [WARN] PackLoader:240 - Cannot read IP mode file for STMicroelectronics.X-CUBE-SUBG2.5.0.0
2026-04-03 22:46:32,213 [WARN] PackLoader:240 - Cannot read IP mode file for STMicroelectronics.X-CUBE-AZRTOS-H7RS.1.1.0
2026-04-03 22:46:32,222 [WARN] PackLoader:240 - Cannot read IP mode file for Cesanta.I-CUBE-Mongoose.7.13.0
2026-04-03 22:46:32,242 [WARN] PackLoader:240 - Cannot read IP mode file for STMicroelectronics.X-CUBE-AZRTOS-G4.2.0.0
2026-04-03 22:46:32,251 [WARN] PackLoader:240 - Cannot read IP mode file for wolfSSL.I-CUBE-wolfSSH.1.4.20
2026-04-03 22:46:32,258 [WARN] PackLoader:240 - Cannot read IP mode file for STMicroelectronics.X-CUBE-NFC7.2.0.0
2026-04-03 22:46:32,266 [WARN] PackLoader:240 - Cannot read IP mode file for STMicroelectronics.X-CUBE-IPS.3.1.0
2026-04-03 22:46:32,279 [WARN] PackLoader:240 - Cannot read IP mode file for STMicroelectronics.X-CUBE-ALS.1.0.2
2026-04-03 22:46:32,289 [WARN] PackLoader:240 - Cannot read IP mode file for STMicroelectronics.X-CUBE-STSE01.1.0.0
2026-04-03 22:46:32,299 [WARN] PackLoader:240 - Cannot read IP mode file for portGmbH.I-Cube-SoM-uGOAL.1.1.0
2026-04-03 22:46:32,310 [WARN] PackLoader:240 - Cannot read IP mode file for STMicroelectronics.X-CUBE-TOF1.3.4.3
2026-04-03 22:46:32,319 [INFO] ThirdParty:978 - Integrity check success = true
2026-04-03 22:46:32,319 [INFO] IntegrityCheckThread:100 - exiting critical section [integrity check]
2026-04-03 22:46:32,320 [INFO] IntegrityCheckThread:103 - End integrity checks thread
2026-04-03 22:46:32,648 [INFO] WebApp:225 - Starting web application
2026-04-03 22:46:32,649 [INFO] WebApp:593 - Web application path used C:\ST\STM32CubeIDE_1.19.0\STM32CubeIDE\plugins\com.st.stm32cube.common.mx_6.15.0.202507011659\db\plugins\mcufinder\reactClient1\index.html
2026-04-03 22:46:33,096 [INFO] UserAuth:487 - Internet connection configuration mode: 1
2026-04-03 22:46:45,736 [INFO] WebApp:194 - Connection lost
2026-04-03 22:46:46,077 [INFO] WebApp:191 - Connection restablished
