2026-03-29 11:00:55,221 [INFO] Activator:176 - 


2026-03-29 11:00:55,227 [INFO] Activator:177 - !SESSION log4j initialized
2026-03-29 11:01:00,515 [INFO] LogOutputStream:77 - [STDOUT_REDIRECT] 
2026-03-29 11:01:03,851 [INFO] ApplicationProperties:184 - Using Application install path: C:\ST\STM32CubeIDE_1.19.0\STM32CubeIDE\plugins\com.st.stm32cube.common.mx_6.15.0.202507011659
2026-03-29 11:01:03,870 [INFO] DbMcusXml:78 - Set database path to: C:\ST\STM32CubeIDE_1.19.0\STM32CubeIDE\plugins\com.st.stm32cube.common.mx_6.15.0.202507011659\\db\/mcu/
2026-03-29 11:01:03,870 [INFO] ApiDb:274 - Set plugin database path to: C:\ST\STM32CubeIDE_1.19.0\STM32CubeIDE\plugins\com.st.stm32cube.common.mx_6.15.0.202507011659\\db\/plugins/boardmanager/
2026-03-29 11:01:03,871 [WARN] ApiDb:259 - Overriding images path with different value:  => C:\ST\STM32CubeIDE_1.19.0\STM32CubeIDE\plugins\com.st.stm32cube.common.mx_6.15.0.202507011659\\db\/plugins/mcufinder/images/
2026-03-29 11:01:03,884 [INFO] ApiDb:250 - Set database path to: C:\Users\YOOCHAN\.stmcufinder\plugins\mcufinder//mcu/
2026-03-29 11:01:03,885 [INFO] DbMcusAds:125 - Set database path to: C:\Users\YOOCHAN\.stmcufinder\plugins\mcufinder//mcu/
2026-03-29 11:01:03,887 [INFO] CrossReferenceDbSqlite:203 - Set database path to: C:\Users\YOOCHAN\.stmcufinder\plugins\mcufinder//mcu/cs/
2026-03-29 11:01:04,006 [INFO] RulesReader:64 - Compatibility file has been processed (317 Rules)
2026-03-29 11:01:04,114 [INFO] DbMcusXml:78 - Set database path to: C:\ST\STM32CubeIDE_1.19.0\STM32CubeIDE\plugins\com.st.stm32cube.common.mx_6.15.0.202507011659\\db\/mcu/
2026-03-29 11:01:04,114 [INFO] ApiDb:274 - Set plugin database path to: C:\ST\STM32CubeIDE_1.19.0\STM32CubeIDE\plugins\com.st.stm32cube.common.mx_6.15.0.202507011659\\db\/plugins/boardmanager/
2026-03-29 11:01:04,114 [INFO] ApiDb:261 - Set plugin images path to: C:\ST\STM32CubeIDE_1.19.0\STM32CubeIDE\plugins\com.st.stm32cube.common.mx_6.15.0.202507011659\\db\/plugins/mcufinder/images/
2026-03-29 11:01:04,114 [WARN] DbFile:41 - Overriding database path with different value: C:\Users\YOOCHAN\.stmcufinder\plugins\mcufinder/ => C:\Users\YOOCHAN\.stmcufinder\plugins\mcufinder
2026-03-29 11:01:04,114 [INFO] ApiDb:250 - Set database path to: C:\Users\YOOCHAN\.stmcufinder\plugins\mcufinder//mcu/
2026-03-29 11:01:04,115 [WARN] DbFile:41 - Overriding database path with different value: C:\Users\YOOCHAN\.stmcufinder\plugins\mcufinder/ => C:\Users\YOOCHAN\.stmcufinder\plugins\mcufinder
2026-03-29 11:01:04,115 [INFO] DbMcusAds:125 - Set database path to: C:\Users\YOOCHAN\.stmcufinder\plugins\mcufinder//mcu/
2026-03-29 11:01:04,115 [WARN] DbFile:41 - Overriding database path with different value: C:\Users\YOOCHAN\.stmcufinder\plugins\mcufinder/ => C:\Users\YOOCHAN\.stmcufinder\plugins\mcufinder
2026-03-29 11:01:04,115 [WARN] DbFile:41 - Overriding database path with different value: C:\Users\YOOCHAN\.stmcufinder\plugins\mcufinder/ => C:\Users\YOOCHAN\.stmcufinder\plugins\mcufinder
2026-03-29 11:01:04,115 [INFO] CrossReferenceDbSqlite:203 - Set database path to: C:\Users\YOOCHAN\.stmcufinder\plugins\mcufinder//mcu/cs/
2026-03-29 11:01:04,214 [INFO] MainPanel:274 - HeapMemory: 268435456
2026-03-29 11:01:04,344 [INFO] DbMcusXml:78 - Set database path to: C:\ST\STM32CubeIDE_1.19.0\STM32CubeIDE\plugins\com.st.stm32cube.common.mx_6.15.0.202507011659\\db\/mcu/
2026-03-29 11:01:04,344 [INFO] ApiDb:274 - Set plugin database path to: C:\ST\STM32CubeIDE_1.19.0\STM32CubeIDE\plugins\com.st.stm32cube.common.mx_6.15.0.202507011659\\db\/plugins/boardmanager/
2026-03-29 11:01:04,344 [INFO] ApiDb:261 - Set plugin images path to: C:\ST\STM32CubeIDE_1.19.0\STM32CubeIDE\plugins\com.st.stm32cube.common.mx_6.15.0.202507011659\\db\/plugins/mcufinder/images/
2026-03-29 11:01:04,345 [WARN] DbFile:41 - Overriding database path with different value: C:\Users\YOOCHAN\.stmcufinder\plugins\mcufinder/ => C:\Users\YOOCHAN\.stmcufinder\plugins\mcufinder
2026-03-29 11:01:04,345 [INFO] ApiDb:250 - Set database path to: C:\Users\YOOCHAN\.stmcufinder\plugins\mcufinder//mcu/
2026-03-29 11:01:04,345 [WARN] DbFile:41 - Overriding database path with different value: C:\Users\YOOCHAN\.stmcufinder\plugins\mcufinder/ => C:\Users\YOOCHAN\.stmcufinder\plugins\mcufinder
2026-03-29 11:01:04,345 [INFO] DbMcusAds:125 - Set database path to: C:\Users\YOOCHAN\.stmcufinder\plugins\mcufinder//mcu/
2026-03-29 11:01:04,345 [WARN] DbFile:41 - Overriding database path with different value: C:\Users\YOOCHAN\.stmcufinder\plugins\mcufinder/ => C:\Users\YOOCHAN\.stmcufinder\plugins\mcufinder
2026-03-29 11:01:04,345 [WARN] DbFile:41 - Overriding database path with different value: C:\Users\YOOCHAN\.stmcufinder\plugins\mcufinder/ => C:\Users\YOOCHAN\.stmcufinder\plugins\mcufinder
2026-03-29 11:01:04,345 [INFO] CrossReferenceDbSqlite:203 - Set database path to: C:\Users\YOOCHAN\.stmcufinder\plugins\mcufinder//mcu/cs/
2026-03-29 11:01:04,363 [INFO] ApplicationProperties:184 - Using Application install path: C:\ST\STM32CubeIDE_1.19.0\STM32CubeIDE\plugins\com.st.stm32cube.common.mx_6.15.0.202507011659
2026-03-29 11:01:04,364 [INFO] PluginManage:196 - Search for loadable plugins [exclusion list=, ]
2026-03-29 11:01:04,366 [INFO] PluginManage:310 - Check plugin analytics
2026-03-29 11:01:04,620 [INFO] AnalyticsPlugin:253 - Accepted Software Licenses: 
2026-03-29 11:01:04,620 [INFO] AnalyticsPlugin:255 - Accepted CMSIS Pack Licenses: 
2026-03-29 11:01:04,621 [INFO] AnalyticsPlugin:257 - Accepted Firmware Licenses: FW.F4.1.28.0
2026-03-29 11:01:04,626 [INFO] PluginManage:359 - Loaded plugin analytics (category:tool,tabindex:-1)
2026-03-29 11:01:04,626 [INFO] PluginManage:310 - Check plugin cadmodel
2026-03-29 11:01:04,634 [INFO] CADModel:105 - Init CAD model plugin
2026-03-29 11:01:04,634 [INFO] PluginManage:359 - Loaded plugin cadmodel (category:power,tabindex:5)
2026-03-29 11:01:04,635 [INFO] PluginManage:310 - Check plugin clock
2026-03-29 11:01:04,646 [INFO] PluginManage:359 - Loaded plugin clock (category:base,tabindex:2)
2026-03-29 11:01:04,646 [INFO] PluginManage:310 - Check plugin ddr
2026-03-29 11:01:04,650 [INFO] PluginManage:359 - Loaded plugin ddr (category:tool,tabindex:6)
2026-03-29 11:01:04,650 [INFO] PluginManage:310 - Check plugin filemanager
2026-03-29 11:01:04,823 [INFO] PluginManage:359 - Loaded plugin filemanager (category:base,tabindex:10)
2026-03-29 11:01:04,823 [INFO] PluginManage:310 - Check plugin ipmanager
2026-03-29 11:01:04,831 [INFO] PluginManage:359 - Loaded plugin ipmanager (category:base,tabindex:5)
2026-03-29 11:01:04,831 [INFO] PluginManage:310 - Check plugin lpbam
2026-03-29 11:01:04,840 [INFO] PluginManage:359 - Loaded plugin lpbam (category:base,tabindex:0)
2026-03-29 11:01:04,840 [INFO] PluginManage:310 - Check plugin memorymap
2026-03-29 11:01:04,854 [INFO] PluginManage:359 - Loaded plugin memorymap (category:base,tabindex:4)
2026-03-29 11:01:04,855 [INFO] PluginManage:310 - Check plugin pinoutandconfiguration
2026-03-29 11:01:04,866 [INFO] PluginManage:359 - Loaded plugin pinoutandconfiguration (category:base,tabindex:1)
2026-03-29 11:01:04,866 [INFO] PluginManage:310 - Check plugin pinoutconfig
2026-03-29 11:01:04,962 [WARN] SupportedApi:132 - Cannot load RTOS API schema: s4s-elt-must-match.1: The content of 'definitions' must match (annotation?, (simpleType | complexType)?, (unique | key | keyref)*)). A problem was found starting at: attribute.
2026-03-29 11:01:05,121 [INFO] PluginManage:359 - Loaded plugin pinoutconfig (category:base,tabindex:0)
2026-03-29 11:01:05,122 [INFO] PluginManage:310 - Check plugin power
2026-03-29 11:01:05,131 [INFO] PluginManage:359 - Loaded plugin power (category:power,tabindex:4)
2026-03-29 11:01:05,131 [INFO] PluginManage:310 - Check plugin projectmanager
2026-03-29 11:01:05,150 [INFO] PluginManage:359 - Loaded plugin projectmanager (category:projectmanager,tabindex:4)
2026-03-29 11:01:05,150 [INFO] PluginManage:310 - Check plugin rif
2026-03-29 11:01:05,162 [INFO] PluginManage:359 - Loaded plugin rif (category:base,tabindex:3)
2026-03-29 11:01:05,162 [INFO] PluginManage:310 - Check plugin thirdparty
2026-03-29 11:01:05,331 [WARN] IntegrityCheckThread:84 - waiting for thirdparty lock release [integrity check]
2026-03-29 11:01:05,332 [INFO] PluginManage:359 - Loaded plugin thirdparty (category:base,tabindex:-1)
2026-03-29 11:01:05,332 [INFO] IntegrityCheckThread:86 - entering critical section [integrity check]
2026-03-29 11:01:05,332 [INFO] PluginManage:310 - Check plugin tools
2026-03-29 11:01:05,332 [INFO] ThirdPartyUpdaterWithRetryManager:70 - Updater plugin not ready yet. [1/15]
2026-03-29 11:01:05,335 [INFO] PluginManage:359 - Loaded plugin tools (category:base,tabindex:7)
2026-03-29 11:01:05,335 [INFO] PluginManage:310 - Check plugin tutovideos
2026-03-29 11:01:05,598 [INFO] PluginManage:359 - Loaded plugin tutovideos (category:base,tabindex:-1)
2026-03-29 11:01:05,598 [INFO] PluginManage:310 - Check plugin updater
2026-03-29 11:01:05,633 [INFO] PluginManage:359 - Loaded plugin updater (category:base,tabindex:12)
2026-03-29 11:01:05,634 [INFO] PluginManage:310 - Check plugin userauth
2026-03-29 11:01:05,641 [INFO] UserAuth:118 - Init User Auth plugin
2026-03-29 11:01:05,642 [INFO] PluginManage:359 - Loaded plugin userauth (category:base,tabindex:14)
2026-03-29 11:01:05,643 [INFO] PluginManage:283 - PluginManage : Loaded plugins [18]
2026-03-29 11:01:05,914 [INFO] PinOutPanel:1589 - setPackage(No Configuration,No Configuration)
2026-03-29 11:01:06,004 [INFO] CADModel:165 - CPN selected for project level
2026-03-29 11:01:06,005 [INFO] CADModel:114 - Register for checkConnection events
2026-03-29 11:01:06,028 [INFO] IPUIPlugin:80 - create IPUIPlugin
2026-03-29 11:01:06,029 [INFO] PluginManager:220 - loadIPPluginJar : add adc
2026-03-29 11:01:06,032 [INFO] IPUIPlugin:80 - create IPUIPlugin
2026-03-29 11:01:06,032 [INFO] PluginManager:220 - loadIPPluginJar : add aes
2026-03-29 11:01:06,035 [INFO] IPUIPlugin:80 - create IPUIPlugin
2026-03-29 11:01:06,035 [INFO] PluginManager:220 - loadIPPluginJar : add can
2026-03-29 11:01:06,037 [INFO] IPUIPlugin:80 - create IPUIPlugin
2026-03-29 11:01:06,038 [INFO] PluginManager:220 - loadIPPluginJar : add comp
2026-03-29 11:01:06,041 [INFO] IPUIPlugin:80 - create IPUIPlugin
2026-03-29 11:01:06,042 [INFO] PluginManager:220 - loadIPPluginJar : add cryp
2026-03-29 11:01:06,046 [INFO] IPUIPlugin:80 - create IPUIPlugin
2026-03-29 11:01:06,046 [INFO] PluginManager:220 - loadIPPluginJar : add ddr_ctrl_phy
2026-03-29 11:01:06,049 [INFO] IPUIPlugin:80 - create IPUIPlugin
2026-03-29 11:01:06,049 [INFO] PluginManager:220 - loadIPPluginJar : add dfsdm
2026-03-29 11:01:06,057 [INFO] IPUIPlugin:80 - create IPUIPlugin
2026-03-29 11:01:06,057 [INFO] PluginManager:220 - loadIPPluginJar : add dma
2026-03-29 11:01:06,060 [INFO] IPUIPlugin:80 - create IPUIPlugin
2026-03-29 11:01:06,060 [INFO] PluginManager:220 - loadIPPluginJar : add dma3
2026-03-29 11:01:06,069 [INFO] IPUIPlugin:80 - create IPUIPlugin
2026-03-29 11:01:06,069 [INFO] PluginManager:220 - loadIPPluginJar : add extmemmanager
2026-03-29 11:01:06,071 [INFO] IPUIPlugin:80 - create IPUIPlugin
2026-03-29 11:01:06,071 [INFO] PluginManager:220 - loadIPPluginJar : add fatfs
2026-03-29 11:01:06,076 [INFO] IPUIPlugin:80 - create IPUIPlugin
2026-03-29 11:01:06,076 [INFO] PluginManager:220 - loadIPPluginJar : add fmc
2026-03-29 11:01:06,084 [INFO] IPUIPlugin:80 - create IPUIPlugin
2026-03-29 11:01:06,084 [INFO] PluginManager:220 - loadIPPluginJar : add freertos
2026-03-29 11:01:06,085 [INFO] IPUIPlugin:80 - create IPUIPlugin
2026-03-29 11:01:06,085 [INFO] PluginManager:220 - loadIPPluginJar : add genericplugin
2026-03-29 11:01:06,088 [INFO] IPUIPlugin:80 - create IPUIPlugin
2026-03-29 11:01:06,088 [INFO] PluginManager:220 - loadIPPluginJar : add gfxmmu
2026-03-29 11:01:06,094 [INFO] IPUIPlugin:80 - create IPUIPlugin
2026-03-29 11:01:06,094 [INFO] PluginManager:220 - loadIPPluginJar : add gic
2026-03-29 11:01:06,098 [INFO] IPUIPlugin:80 - create IPUIPlugin
2026-03-29 11:01:06,098 [INFO] PluginManager:220 - loadIPPluginJar : add gpio
2026-03-29 11:01:06,101 [INFO] IPUIPlugin:80 - create IPUIPlugin
2026-03-29 11:01:06,101 [INFO] PluginManager:220 - loadIPPluginJar : add gtzc
2026-03-29 11:01:06,104 [INFO] IPUIPlugin:80 - create IPUIPlugin
2026-03-29 11:01:06,104 [INFO] PluginManager:220 - loadIPPluginJar : add hash
2026-03-29 11:01:06,107 [INFO] IPUIPlugin:80 - create IPUIPlugin
2026-03-29 11:01:06,107 [INFO] PluginManager:220 - loadIPPluginJar : add i2c
2026-03-29 11:01:06,110 [INFO] IPUIPlugin:80 - create IPUIPlugin
2026-03-29 11:01:06,111 [INFO] PluginManager:220 - loadIPPluginJar : add i2s
2026-03-29 11:01:06,114 [INFO] IPUIPlugin:80 - create IPUIPlugin
2026-03-29 11:01:06,114 [INFO] PluginManager:220 - loadIPPluginJar : add i3c
2026-03-29 11:01:06,118 [INFO] IPUIPlugin:80 - create IPUIPlugin
2026-03-29 11:01:06,118 [INFO] PluginManager:220 - loadIPPluginJar : add ipddr
2026-03-29 11:01:06,127 [INFO] IPUIPlugin:80 - create IPUIPlugin
2026-03-29 11:01:06,128 [INFO] PluginManager:220 - loadIPPluginJar : add linkedlist
2026-03-29 11:01:06,132 [INFO] IPUIPlugin:80 - create IPUIPlugin
2026-03-29 11:01:06,132 [INFO] PluginManager:220 - loadIPPluginJar : add lorawan
2026-03-29 11:01:06,134 [INFO] IPUIPlugin:80 - create IPUIPlugin
2026-03-29 11:01:06,134 [INFO] PluginManager:220 - loadIPPluginJar : add ltdc
2026-03-29 11:01:06,141 [INFO] IPUIPlugin:80 - create IPUIPlugin
2026-03-29 11:01:06,141 [INFO] PluginManager:220 - loadIPPluginJar : add mdma
2026-03-29 11:01:06,146 [INFO] IPUIPlugin:80 - create IPUIPlugin
2026-03-29 11:01:06,147 [INFO] PluginManager:220 - loadIPPluginJar : add nvic
2026-03-29 11:01:06,151 [INFO] IPUIPlugin:80 - create IPUIPlugin
2026-03-29 11:01:06,151 [INFO] PluginManager:220 - loadIPPluginJar : add opamp
2026-03-29 11:01:06,154 [INFO] IPUIPlugin:80 - create IPUIPlugin
2026-03-29 11:01:06,155 [INFO] PluginManager:220 - loadIPPluginJar : add openamp
2026-03-29 11:01:06,159 [INFO] IPUIPlugin:80 - create IPUIPlugin
2026-03-29 11:01:06,159 [INFO] PluginManager:220 - loadIPPluginJar : add pdm2pcm
2026-03-29 11:01:06,167 [INFO] IPUIPlugin:80 - create IPUIPlugin
2026-03-29 11:01:06,169 [INFO] PluginManager:220 - loadIPPluginJar : add plateformsettings
2026-03-29 11:01:06,173 [INFO] IPUIPlugin:80 - create IPUIPlugin
2026-03-29 11:01:06,173 [INFO] PluginManager:220 - loadIPPluginJar : add quadspi
2026-03-29 11:01:06,175 [INFO] IPUIPlugin:80 - create IPUIPlugin
2026-03-29 11:01:06,176 [INFO] PluginManager:220 - loadIPPluginJar : add radio
2026-03-29 11:01:06,180 [INFO] IPUIPlugin:80 - create IPUIPlugin
2026-03-29 11:01:06,180 [INFO] PluginManager:220 - loadIPPluginJar : add resmgrutility
2026-03-29 11:01:06,184 [INFO] IPUIPlugin:80 - create IPUIPlugin
2026-03-29 11:01:06,185 [INFO] PluginManager:220 - loadIPPluginJar : add sai
2026-03-29 11:01:06,187 [INFO] IPUIPlugin:80 - create IPUIPlugin
2026-03-29 11:01:06,187 [INFO] PluginManager:220 - loadIPPluginJar : add spi
2026-03-29 11:01:06,193 [INFO] IPUIPlugin:80 - create IPUIPlugin
2026-03-29 11:01:06,193 [INFO] PluginManager:220 - loadIPPluginJar : add stm32_wpan
2026-03-29 11:01:06,198 [INFO] IPUIPlugin:80 - create IPUIPlugin
2026-03-29 11:01:06,198 [INFO] PluginManager:220 - loadIPPluginJar : add tim
2026-03-29 11:01:06,202 [INFO] IPUIPlugin:80 - create IPUIPlugin
2026-03-29 11:01:06,203 [INFO] PluginManager:220 - loadIPPluginJar : add touchsensing
2026-03-29 11:01:06,210 [INFO] IPUIPlugin:80 - create IPUIPlugin
2026-03-29 11:01:06,211 [INFO] PluginManager:220 - loadIPPluginJar : add tracer_emb
2026-03-29 11:01:06,218 [INFO] IPUIPlugin:80 - create IPUIPlugin
2026-03-29 11:01:06,219 [INFO] PluginManager:220 - loadIPPluginJar : add ts
2026-03-29 11:01:06,220 [INFO] IPUIPlugin:80 - create IPUIPlugin
2026-03-29 11:01:06,221 [INFO] PluginManager:220 - loadIPPluginJar : add tsc
2026-03-29 11:01:06,229 [INFO] IPUIPlugin:80 - create IPUIPlugin
2026-03-29 11:01:06,229 [INFO] PluginManager:220 - loadIPPluginJar : add ucpd
2026-03-29 11:01:06,233 [INFO] IPUIPlugin:80 - create IPUIPlugin
2026-03-29 11:01:06,233 [INFO] PluginManager:220 - loadIPPluginJar : add usart
2026-03-29 11:01:06,236 [INFO] IPUIPlugin:80 - create IPUIPlugin
2026-03-29 11:01:06,236 [INFO] PluginManager:220 - loadIPPluginJar : add usbx
2026-03-29 11:01:06,369 [FATAL] Updater:351 - Updater called before beeing initialized
2026-03-29 11:01:06,411 [INFO] RulesReader:64 - Compatibility file has been processed (317 Rules)
2026-03-29 11:01:06,423 [INFO] RulesReader:64 - Compatibility file has been processed (317 Rules)
2026-03-29 11:01:06,449 [INFO] CADModel:165 - CPN selected for project level
2026-03-29 11:01:06,449 [INFO] CADModel:114 - Register for checkConnection events
2026-03-29 11:01:06,449 [FATAL] Updater:351 - Updater called before beeing initialized
2026-03-29 11:01:06,451 [ERROR] CADModel:125 - Updater not yet initialized, retry later 
2026-03-29 11:01:06,611 [FATAL] Updater:351 - Updater called before beeing initialized
2026-03-29 11:01:06,613 [INFO] CADModel:165 - CPN selected for project level
2026-03-29 11:01:06,614 [INFO] CADModel:114 - Register for checkConnection events
2026-03-29 11:01:06,614 [FATAL] Updater:351 - Updater called before beeing initialized
2026-03-29 11:01:06,614 [ERROR] CADModel:125 - Updater not yet initialized, retry later 
2026-03-29 11:01:06,617 [FATAL] Updater:351 - Updater called before beeing initialized
2026-03-29 11:01:06,739 [FATAL] Updater:351 - Updater called before beeing initialized
2026-03-29 11:01:06,743 [INFO] DbMcusAds:53 - JSON generation date=Thu Mar 05 23:32:53 KST 2026 (1772721173050)
2026-03-29 11:01:06,744 [FATAL] Updater:351 - Updater called before beeing initialized
2026-03-29 11:01:06,784 [WARN] DetailPanel:346 - Failed to get advertising image, set to default
2026-03-29 11:01:06,917 [FATAL] Updater:351 - Updater called before beeing initialized
2026-03-29 11:01:06,918 [FATAL] Updater:351 - Updater called before beeing initialized
2026-03-29 11:01:06,918 [FATAL] Updater:351 - Updater called before beeing initialized
2026-03-29 11:01:06,918 [WARN] DetailPanel:346 - Failed to get advertising image, set to default
2026-03-29 11:01:06,919 [FATAL] Updater:351 - Updater called before beeing initialized
2026-03-29 11:01:06,965 [ERROR] Updater:1198 - MainUpdater not yet initialized. External WinMGr cannot be set.
2026-03-29 11:01:06,967 [INFO] Updater:1134 - Updater Version found : 6.15.0
2026-03-29 11:01:06,982 [INFO] ApplicationProperties:184 - Using Application install path: C:\ST\STM32CubeIDE_1.19.0\STM32CubeIDE\plugins\com.st.stm32cube.common.mx_6.15.0.202507011659
2026-03-29 11:01:07,498 [INFO] MainUpdater:2872 - connection check result : 10
2026-03-29 11:01:07,500 [INFO] MainUpdater:289 - Updater Check For Update Now.
2026-03-29 11:01:07,500 [INFO] MicroXplorer:498 - Change Database Version : DB.6.0.150
2026-03-29 11:01:07,517 [INFO] McuFinderGlobals:63 - Set McuFinder mode to 2 (CubeIDE integrated)
2026-03-29 11:01:07,520 [INFO] UserAuth:487 - Internet connection configuration mode: 1
2026-03-29 11:01:07,583 [INFO] JxBrowserEngine:152 - Initiate JxBrowser Engine with user profile folder
2026-03-29 11:01:07,703 [INFO] CheckServerUpdateThread:120 - End of CheckServer Thread
2026-03-29 11:01:08,718 [WARN] PackLoader:240 - Cannot read IP mode file for STMicroelectronics.X-CUBE-AZRTOS-H7.3.5.0
2026-03-29 11:01:08,730 [WARN] PackLoader:240 - Cannot read IP mode file for STMicroelectronics.FP-SNS-MOTENVWB1.1.4.0
2026-03-29 11:01:08,735 [WARN] PackLoader:240 - Cannot read IP mode file for STMicroelectronics.FP-ATR-ASTRA1.2.0.2
2026-03-29 11:01:08,743 [WARN] PackLoader:240 - Cannot read IP mode file for STMicroelectronics.X-CUBE-SMBUS.2.1.0
2026-03-29 11:01:08,749 [WARN] PackLoader:240 - Cannot read IP mode file for STMicroelectronics.X-CUBE-ST60.1.0.0
2026-03-29 11:01:08,862 [WARN] PackLoader:240 - Cannot read IP mode file for STMicroelectronics.X-CUBE-AZRTOS-F7.1.1.0
2026-03-29 11:01:08,872 [WARN] PackLoader:240 - Cannot read IP mode file for STMicroelectronics.FP-SNS-MOTENV1.5.1.0
2026-03-29 11:01:08,889 [WARN] PackLoader:240 - Cannot read IP mode file for Infineon.AIROC-Wi-Fi-Bluetooth-STM32.1.7.1
2026-03-29 11:01:08,913 [WARN] PackLoader:240 - Cannot read IP mode file for STMicroelectronics.X-CUBE-AZRTOS-H7.3.4.0
2026-03-29 11:01:08,921 [WARN] PackLoader:240 - Cannot read IP mode file for STMicroelectronics.X-CUBE-DISPLAY.3.0.0
2026-03-29 11:01:08,927 [WARN] PackLoader:240 - Cannot read IP mode file for STMicroelectronics.FP-SNS-MOTENVWB1.1.5.0
2026-03-29 11:01:08,933 [WARN] PackLoader:240 - Cannot read IP mode file for STMicroelectronics.X-CUBE-NFC10.1.0.0
2026-03-29 11:01:08,939 [WARN] PackLoader:240 - Cannot read IP mode file for STMicroelectronics.X-CUBE-ST60.1.1.0
2026-03-29 11:01:08,944 [WARN] PackLoader:240 - Cannot read IP mode file for emotas.I-CUBE-CANOPEN.1.3.0
2026-03-29 11:01:08,949 [WARN] PackLoader:240 - Cannot read IP mode file for STMicroelectronics.X-CUBE-GNSS1.7.1.0
2026-03-29 11:01:08,956 [WARN] PackLoader:240 - Cannot read IP mode file for STMicroelectronics.FP-SNS-STBOX1.2.1.0
2026-03-29 11:01:08,961 [WARN] PackLoader:240 - Cannot read IP mode file for STMicroelectronics.FP-SNS-SMARTAG2.1.2.0
2026-03-29 11:01:08,966 [WARN] PackLoader:240 - Cannot read IP mode file for STMicroelectronics.FP-SNS-FLIGHT1.5.1.0
2026-03-29 11:01:08,992 [INFO] LogOutputStream:77 - [STDOUT_REDIRECT] 1 : Invalid condition id : UX_CORESTACK_Condition cause : null
2026-03-29 11:01:08,993 [INFO] LogOutputStream:77 - [STDOUT_REDIRECT] 1 : Invalid condition id : UX_CORESTACK_Condition cause : null
2026-03-29 11:01:08,995 [INFO] LogOutputStream:77 - [STDOUT_REDIRECT] 1 : Invalid condition id : UX_CORESTACK_Condition cause : null
2026-03-29 11:01:08,996 [INFO] LogOutputStream:77 - [STDOUT_REDIRECT] 1 : Invalid condition id : UX_CORESTACK_Condition cause : null
2026-03-29 11:01:08,997 [INFO] LogOutputStream:77 - [STDOUT_REDIRECT] 1 : Invalid condition id : UX_CORESTACK_Condition cause : null
2026-03-29 11:01:08,999 [WARN] PackLoader:240 - Cannot read IP mode file for STMicroelectronics.X-CUBE-AZRTOS-WL.2.0.0
2026-03-29 11:01:09,007 [WARN] PackLoader:240 - Cannot read IP mode file for STMicroelectronics.FP-SNS-MOTENV1.5.0.0
2026-03-29 11:01:09,019 [WARN] PackLoader:240 - Cannot read IP mode file for STMicroelectronics.X-CUBE-AZRTOS-H7RS.1.2.0
2026-03-29 11:01:09,026 [WARN] PackLoader:240 - Cannot read IP mode file for WES.I-CUBE-Cesium.1.3.0
2026-03-29 11:01:09,035 [WARN] PackLoader:240 - Cannot read IP mode file for STMicroelectronics.X-CUBE-BLE2.3.3.0
2026-03-29 11:01:09,054 [WARN] PackLoader:240 - Cannot read IP mode file for STMicroelectronics.X-CUBE-NFC9.1.0.0
2026-03-29 11:01:09,060 [WARN] PackLoader:240 - Cannot read IP mode file for wolfSSL.I-CUBE-wolfSSL.5.8.2
2026-03-29 11:01:09,064 [WARN] PackLoader:240 - Cannot read IP mode file for STMicroelectronics.X-CUBE-BLE1.7.1.0
2026-03-29 11:01:09,067 [WARN] PackLoader:240 - Cannot read IP mode file for wolfSSL.I-CUBE-wolfMQTT.1.19.2
2026-03-29 11:01:09,073 [WARN] PackLoader:240 - Cannot read IP mode file for STMicroelectronics.X-CUBE-FREERTOS.1.4.0
2026-03-29 11:01:09,079 [WARN] PackLoader:240 - Cannot read IP mode file for STMicroelectronics.X-CUBE-EEPRMA1.5.2.0
2026-03-29 11:01:09,085 [WARN] PackLoader:240 - Cannot read IP mode file for STMicroelectronics.X-CUBE-ST67W61.1.1.0
2026-03-29 11:01:09,109 [WARN] PackLoader:240 - Cannot read IP mode file for STMicroelectronics.X-CUBE-MEMS1.12.0.0
2026-03-29 11:01:09,179 [WARN] PackLoader:240 - Cannot read IP mode file for STMicroelectronics.X-CUBE-AZRTOS-G0.1.1.0
2026-03-29 11:01:09,186 [WARN] PackLoader:240 - Cannot read IP mode file for STMicroelectronics.X-CUBE-SAFEA1.1.2.2
2026-03-29 11:01:09,191 [WARN] PackLoader:240 - Cannot read IP mode file for STMicroelectronics.X-CUBE-NFC4.3.0.0
2026-03-29 11:01:09,199 [WARN] PackLoader:240 - Cannot read IP mode file for EmbeddedOffice.I-CUBE-FS-RTOS.1.0.1
2026-03-29 11:01:09,204 [WARN] PackLoader:240 - Cannot read IP mode file for STMicroelectronics.X-CUBE-WB05N.2.0.0
2026-03-29 11:01:09,210 [WARN] PackLoader:240 - Cannot read IP mode file for wolfSSL.I-CUBE-wolfTPM.3.8.0
2026-03-29 11:01:09,215 [WARN] PackLoader:240 - Cannot read IP mode file for STMicroelectronics.X-CUBE-TCPP.4.2.0
2026-03-29 11:01:09,221 [WARN] PackLoader:240 - Cannot read IP mode file for RealThread.X-CUBE-RT-Thread_Nano.4.1.1
2026-03-29 11:01:09,225 [WARN] PackLoader:240 - Cannot read IP mode file for STMicroelectronics.FP-ATR-SIGFOX1.3.2.0
2026-03-29 11:01:09,231 [WARN] PackLoader:240 - Cannot read IP mode file for STMicroelectronics.X-CUBE-FREERTOS.1.5.0
2026-03-29 11:01:09,239 [WARN] PackLoader:240 - Cannot read IP mode file for ITTIA_DB.I-CUBE-ITTIADB.8.9.0
2026-03-29 11:01:09,253 [WARN] PackLoader:240 - Cannot read IP mode file for STMicroelectronics.X-CUBE-NFC6.3.2.0
2026-03-29 11:01:09,260 [WARN] PackLoader:240 - Cannot read IP mode file for STMicroelectronics.X-CUBE-ST67W61.1.0.0
2026-03-29 11:01:09,266 [WARN] PackLoader:240 - Cannot read IP mode file for STMicroelectronics.X-CUBE-AI.10.2.0
2026-03-29 11:01:09,282 [WARN] PackLoader:240 - Cannot read IP mode file for SEGGER.I-CUBE-embOS.1.3.1
2026-03-29 11:01:09,320 [WARN] PackLoader:240 - Cannot read IP mode file for STMicroelectronics.X-CUBE-ALGOBUILD.1.4.0
2026-03-29 11:01:09,393 [WARN] PackLoader:240 - Cannot read IP mode file for STMicroelectronics.X-CUBE-MEMS1.11.3.0
2026-03-29 11:01:09,666 [WARN] PackLoader:240 - Cannot read IP mode file for STMicroelectronics.X-CUBE-PM33A1.1.0.0
2026-03-29 11:01:09,682 [WARN] PackLoader:240 - Cannot read IP mode file for STMicroelectronics.X-CUBE-AZRTOS-F4.1.1.0
2026-03-29 11:01:09,688 [WARN] PackLoader:240 - Cannot read IP mode file for Avnet-IotConnect.X-CUBE-IoTC-DA16k-PMOD.1.0.0
2026-03-29 11:01:09,694 [WARN] PackLoader:240 - Cannot read IP mode file for STMicroelectronics.X-CUBE-ISPU.2.1.0
2026-03-29 11:01:09,704 [WARN] PackLoader:240 - Cannot read IP mode file for STMicroelectronics.X-CUBE-IPS.3.2.0
2026-03-29 11:01:09,716 [WARN] PackLoader:240 - Cannot read IP mode file for STMicroelectronics.X-CUBE-NFC12.1.0.0
2026-03-29 11:01:09,726 [WARN] PackLoader:240 - Cannot read IP mode file for STMicroelectronics.X-CUBE-AZRTOS-L5.2.0.0
2026-03-29 11:01:09,732 [WARN] PackLoader:240 - Cannot read IP mode file for STMicroelectronics.X-CUBE-NFC6.3.1.0
2026-03-29 11:01:09,738 [WARN] PackLoader:240 - Cannot read IP mode file for STMicroelectronics.X-CUBE-FREERTOS.1.3.1
2026-03-29 11:01:09,747 [WARN] PackLoader:240 - Cannot read IP mode file for STMicroelectronics.X-CUBE-TOUCHGFX.4.26.0
2026-03-29 11:01:09,751 [WARN] PackLoader:240 - Cannot read IP mode file for STMicroelectronics.X-CUBE-TOUCHGFX.4.26.1
2026-03-29 11:01:09,756 [WARN] PackLoader:240 - Cannot read IP mode file for STMicroelectronics.FP-SNS-STAIOTCFT.1.0.0
2026-03-29 11:01:09,760 [WARN] PackLoader:240 - Cannot read IP mode file for STMicroelectronics.X-CUBE-DPower.1.3.0
2026-03-29 11:01:09,773 [WARN] ConditionMgr:438 - getConditionDescription Invalid condition id : LAN8742 Phy interface Condition cause : null
2026-03-29 11:01:09,773 [WARN] PackLoader:240 - Cannot read IP mode file for STMicroelectronics.X-CUBE-AZRTOS-L4.2.0.0
2026-03-29 11:01:09,774 [WARN] ConditionMgr:1044 - genDependencies : Invalid condition id : LAN8742 Phy interface Condition cause : null
2026-03-29 11:01:09,774 [WARN] ConditionMgr:1044 - genDependencies : Invalid condition id : LAN8742 Phy interface Condition cause : null
2026-03-29 11:01:09,774 [WARN] ConditionMgr:1044 - genDependencies : Invalid condition id : LAN8742 Phy interface Condition cause : null
2026-03-29 11:01:09,780 [WARN] PackLoader:240 - Cannot read IP mode file for STMicroelectronics.X-CUBE-SFXS2LP1.4.0.0
2026-03-29 11:01:09,785 [WARN] PackLoader:240 - Cannot read IP mode file for STMicroelectronics.X-CUBE-ST67W61.1.2.0
2026-03-29 11:01:09,792 [WARN] PackLoader:240 - Cannot read IP mode file for STMicroelectronics.X-CUBE-BLEMGR.4.1.0
2026-03-29 11:01:09,803 [WARN] ConditionMgr:438 - getConditionDescription Invalid condition id : UX DEVICE CLASS RTOS Condition cause : null
2026-03-29 11:01:09,803 [WARN] ConditionMgr:438 - getConditionDescription Invalid condition id : UX DEVICE CLASS RTOS Condition cause : null
2026-03-29 11:01:09,804 [WARN] PackLoader:240 - Cannot read IP mode file for STMicroelectronics.X-CUBE-AZRTOS-WB.2.0.0
2026-03-29 11:01:09,805 [WARN] ConditionMgr:1044 - genDependencies : Invalid condition id : UX DEVICE CLASS RTOS Condition cause : null
2026-03-29 11:01:09,805 [WARN] ConditionMgr:1044 - genDependencies : Invalid condition id : UX DEVICE CLASS RTOS Condition cause : null
2026-03-29 11:01:09,805 [WARN] ConditionMgr:1044 - genDependencies : Invalid condition id : UX DEVICE CLASS RTOS Condition cause : null
2026-03-29 11:01:09,805 [WARN] ConditionMgr:1044 - genDependencies : Invalid condition id : UX DEVICE CLASS RTOS Condition cause : null
2026-03-29 11:01:09,805 [WARN] ConditionMgr:1044 - genDependencies : Invalid condition id : UX DEVICE CLASS RTOS Condition cause : null
2026-03-29 11:01:09,809 [WARN] PackLoader:240 - Cannot read IP mode file for STMicroelectronics.X-CUBE-GNSS1.7.0.1
2026-03-29 11:01:09,813 [WARN] PackLoader:240 - Cannot read IP mode file for STMicroelectronics.X-CUBE-TOUCHGFX.4.25.0
2026-03-29 11:01:09,816 [WARN] ConditionMgr:438 - getConditionDescription Invalid condition id : Cortex-A Device cause : null
2026-03-29 11:01:09,823 [WARN] ConditionMgr:1044 - genDependencies : Invalid condition id : Cortex-A Device cause : null
2026-03-29 11:01:09,825 [WARN] ConditionMgr:1044 - genDependencies : Invalid condition id : Cortex-A Device cause : null
2026-03-29 11:01:09,825 [WARN] ConditionMgr:1044 - genDependencies : Invalid condition id : Cortex-A Device cause : null
2026-03-29 11:01:09,831 [WARN] PackLoader:240 - Cannot read IP mode file for STMicroelectronics.X-CUBE-STSE01.2.0.0
2026-03-29 11:01:09,839 [WARN] PackLoader:240 - Cannot read IP mode file for STMicroelectronics.X-CUBE-SUBG2.5.0.0
2026-03-29 11:01:09,922 [WARN] PackLoader:240 - Cannot read IP mode file for STMicroelectronics.X-CUBE-AZRTOS-H7RS.1.1.0
2026-03-29 11:01:09,927 [WARN] PackLoader:240 - Cannot read IP mode file for Cesanta.I-CUBE-Mongoose.7.13.0
2026-03-29 11:01:09,959 [WARN] PackLoader:240 - Cannot read IP mode file for STMicroelectronics.X-CUBE-AZRTOS-G4.2.0.0
2026-03-29 11:01:09,967 [WARN] PackLoader:240 - Cannot read IP mode file for wolfSSL.I-CUBE-wolfSSH.1.4.20
2026-03-29 11:01:09,974 [WARN] PackLoader:240 - Cannot read IP mode file for STMicroelectronics.X-CUBE-NFC7.2.0.0
2026-03-29 11:01:09,986 [WARN] PackLoader:240 - Cannot read IP mode file for STMicroelectronics.X-CUBE-IPS.3.1.0
2026-03-29 11:01:09,993 [WARN] PackLoader:240 - Cannot read IP mode file for STMicroelectronics.X-CUBE-ALS.1.0.2
2026-03-29 11:01:10,000 [WARN] PackLoader:240 - Cannot read IP mode file for STMicroelectronics.X-CUBE-STSE01.1.0.0
2026-03-29 11:01:10,006 [WARN] PackLoader:240 - Cannot read IP mode file for portGmbH.I-Cube-SoM-uGOAL.1.1.0
2026-03-29 11:01:10,014 [WARN] PackLoader:240 - Cannot read IP mode file for STMicroelectronics.X-CUBE-TOF1.3.4.3
2026-03-29 11:01:10,021 [INFO] ThirdParty:978 - Integrity check success = true
2026-03-29 11:01:10,021 [INFO] IntegrityCheckThread:100 - exiting critical section [integrity check]
2026-03-29 11:01:10,021 [INFO] IntegrityCheckThread:103 - End integrity checks thread
2026-03-29 11:01:10,458 [INFO] WebApp:169 - Instantiating new browser for Auth
2026-03-29 11:01:11,637 [INFO] WebApp:463 - Apply proxy settings
2026-03-29 11:01:11,638 [INFO] WebApp:548 - Chromium requires no authentication
2026-03-29 11:01:11,650 [INFO] WebApp:491 - Direct internet connection detected
2026-03-29 11:01:11,681 [INFO] WebApp:900 - Register for checkConnection events
2026-03-29 11:01:11,681 [INFO] WebApp:463 - Apply proxy settings
2026-03-29 11:01:11,681 [INFO] WebApp:548 - Chromium requires no authentication
2026-03-29 11:01:11,682 [INFO] WebApp:491 - Direct internet connection detected
2026-03-29 11:01:11,914 [INFO] WebApp:225 - Starting web application
2026-03-29 11:01:11,914 [INFO] WebApp:593 - Web application path used C:\ST\STM32CubeIDE_1.19.0\STM32CubeIDE\plugins\com.st.stm32cube.common.mx_6.15.0.202507011659\db\plugins\mcufinder\reactClient1\index.html
2026-03-29 11:01:12,104 [INFO] WebApp:191 - Connection restablished
2026-03-29 11:01:12,380 [INFO] UserAuth:487 - Internet connection configuration mode: 1
2026-03-29 12:10:17,916 [ERROR] LogOutputStream:75 - [STDERR_REDIRECT] 
2026-03-29 14:13:57,978 [INFO] Activator:176 - 


2026-03-29 14:13:57,982 [INFO] Activator:177 - !SESSION log4j initialized
2026-03-29 14:14:03,137 [INFO] LogOutputStream:77 - [STDOUT_REDIRECT] 
2026-03-29 14:14:04,771 [INFO] ApplicationProperties:184 - Using Application install path: C:\ST\STM32CubeIDE_1.19.0\STM32CubeIDE\plugins\com.st.stm32cube.common.mx_6.15.0.202507011659
2026-03-29 14:14:04,793 [INFO] DbMcusXml:78 - Set database path to: C:\ST\STM32CubeIDE_1.19.0\STM32CubeIDE\plugins\com.st.stm32cube.common.mx_6.15.0.202507011659\\db\/mcu/
2026-03-29 14:14:04,794 [INFO] ApiDb:274 - Set plugin database path to: C:\ST\STM32CubeIDE_1.19.0\STM32CubeIDE\plugins\com.st.stm32cube.common.mx_6.15.0.202507011659\\db\/plugins/boardmanager/
2026-03-29 14:14:04,794 [WARN] ApiDb:259 - Overriding images path with different value:  => C:\ST\STM32CubeIDE_1.19.0\STM32CubeIDE\plugins\com.st.stm32cube.common.mx_6.15.0.202507011659\\db\/plugins/mcufinder/images/
2026-03-29 14:14:04,801 [INFO] ApiDb:250 - Set database path to: C:\Users\YOOCHAN\.stmcufinder\plugins\mcufinder//mcu/
2026-03-29 14:14:04,802 [INFO] DbMcusAds:125 - Set database path to: C:\Users\YOOCHAN\.stmcufinder\plugins\mcufinder//mcu/
2026-03-29 14:14:04,806 [INFO] CrossReferenceDbSqlite:203 - Set database path to: C:\Users\YOOCHAN\.stmcufinder\plugins\mcufinder//mcu/cs/
2026-03-29 14:14:04,941 [INFO] RulesReader:64 - Compatibility file has been processed (317 Rules)
2026-03-29 14:14:05,052 [INFO] DbMcusXml:78 - Set database path to: C:\ST\STM32CubeIDE_1.19.0\STM32CubeIDE\plugins\com.st.stm32cube.common.mx_6.15.0.202507011659\\db\/mcu/
2026-03-29 14:14:05,053 [INFO] ApiDb:274 - Set plugin database path to: C:\ST\STM32CubeIDE_1.19.0\STM32CubeIDE\plugins\com.st.stm32cube.common.mx_6.15.0.202507011659\\db\/plugins/boardmanager/
2026-03-29 14:14:05,053 [INFO] ApiDb:261 - Set plugin images path to: C:\ST\STM32CubeIDE_1.19.0\STM32CubeIDE\plugins\com.st.stm32cube.common.mx_6.15.0.202507011659\\db\/plugins/mcufinder/images/
2026-03-29 14:14:05,053 [WARN] DbFile:41 - Overriding database path with different value: C:\Users\YOOCHAN\.stmcufinder\plugins\mcufinder/ => C:\Users\YOOCHAN\.stmcufinder\plugins\mcufinder
2026-03-29 14:14:05,053 [INFO] ApiDb:250 - Set database path to: C:\Users\YOOCHAN\.stmcufinder\plugins\mcufinder//mcu/
2026-03-29 14:14:05,053 [WARN] DbFile:41 - Overriding database path with different value: C:\Users\YOOCHAN\.stmcufinder\plugins\mcufinder/ => C:\Users\YOOCHAN\.stmcufinder\plugins\mcufinder
2026-03-29 14:14:05,053 [INFO] DbMcusAds:125 - Set database path to: C:\Users\YOOCHAN\.stmcufinder\plugins\mcufinder//mcu/
2026-03-29 14:14:05,053 [WARN] DbFile:41 - Overriding database path with different value: C:\Users\YOOCHAN\.stmcufinder\plugins\mcufinder/ => C:\Users\YOOCHAN\.stmcufinder\plugins\mcufinder
2026-03-29 14:14:05,053 [WARN] DbFile:41 - Overriding database path with different value: C:\Users\YOOCHAN\.stmcufinder\plugins\mcufinder/ => C:\Users\YOOCHAN\.stmcufinder\plugins\mcufinder
2026-03-29 14:14:05,063 [INFO] CrossReferenceDbSqlite:203 - Set database path to: C:\Users\YOOCHAN\.stmcufinder\plugins\mcufinder//mcu/cs/
2026-03-29 14:14:05,137 [INFO] MainPanel:274 - HeapMemory: 268435456
2026-03-29 14:14:05,224 [INFO] DbMcusXml:78 - Set database path to: C:\ST\STM32CubeIDE_1.19.0\STM32CubeIDE\plugins\com.st.stm32cube.common.mx_6.15.0.202507011659\\db\/mcu/
2026-03-29 14:14:05,224 [INFO] ApiDb:274 - Set plugin database path to: C:\ST\STM32CubeIDE_1.19.0\STM32CubeIDE\plugins\com.st.stm32cube.common.mx_6.15.0.202507011659\\db\/plugins/boardmanager/
2026-03-29 14:14:05,224 [INFO] ApiDb:261 - Set plugin images path to: C:\ST\STM32CubeIDE_1.19.0\STM32CubeIDE\plugins\com.st.stm32cube.common.mx_6.15.0.202507011659\\db\/plugins/mcufinder/images/
2026-03-29 14:14:05,224 [WARN] DbFile:41 - Overriding database path with different value: C:\Users\YOOCHAN\.stmcufinder\plugins\mcufinder/ => C:\Users\YOOCHAN\.stmcufinder\plugins\mcufinder
2026-03-29 14:14:05,225 [INFO] ApiDb:250 - Set database path to: C:\Users\YOOCHAN\.stmcufinder\plugins\mcufinder//mcu/
2026-03-29 14:14:05,225 [WARN] DbFile:41 - Overriding database path with different value: C:\Users\YOOCHAN\.stmcufinder\plugins\mcufinder/ => C:\Users\YOOCHAN\.stmcufinder\plugins\mcufinder
2026-03-29 14:14:05,225 [INFO] DbMcusAds:125 - Set database path to: C:\Users\YOOCHAN\.stmcufinder\plugins\mcufinder//mcu/
2026-03-29 14:14:05,225 [WARN] DbFile:41 - Overriding database path with different value: C:\Users\YOOCHAN\.stmcufinder\plugins\mcufinder/ => C:\Users\YOOCHAN\.stmcufinder\plugins\mcufinder
2026-03-29 14:14:05,225 [WARN] DbFile:41 - Overriding database path with different value: C:\Users\YOOCHAN\.stmcufinder\plugins\mcufinder/ => C:\Users\YOOCHAN\.stmcufinder\plugins\mcufinder
2026-03-29 14:14:05,225 [INFO] CrossReferenceDbSqlite:203 - Set database path to: C:\Users\YOOCHAN\.stmcufinder\plugins\mcufinder//mcu/cs/
2026-03-29 14:14:05,244 [INFO] ApplicationProperties:184 - Using Application install path: C:\ST\STM32CubeIDE_1.19.0\STM32CubeIDE\plugins\com.st.stm32cube.common.mx_6.15.0.202507011659
2026-03-29 14:14:05,246 [INFO] PluginManage:196 - Search for loadable plugins [exclusion list=, ]
2026-03-29 14:14:05,247 [INFO] PluginManage:310 - Check plugin analytics
2026-03-29 14:14:05,484 [INFO] AnalyticsPlugin:253 - Accepted Software Licenses: 
2026-03-29 14:14:05,484 [INFO] AnalyticsPlugin:255 - Accepted CMSIS Pack Licenses: 
2026-03-29 14:14:05,485 [INFO] AnalyticsPlugin:257 - Accepted Firmware Licenses: FW.F4.1.28.0
2026-03-29 14:14:05,491 [INFO] PluginManage:359 - Loaded plugin analytics (category:tool,tabindex:-1)
2026-03-29 14:14:05,492 [INFO] PluginManage:310 - Check plugin cadmodel
2026-03-29 14:14:05,499 [INFO] CADModel:105 - Init CAD model plugin
2026-03-29 14:14:05,499 [INFO] PluginManage:359 - Loaded plugin cadmodel (category:power,tabindex:5)
2026-03-29 14:14:05,499 [INFO] PluginManage:310 - Check plugin clock
2026-03-29 14:14:05,509 [INFO] PluginManage:359 - Loaded plugin clock (category:base,tabindex:2)
2026-03-29 14:14:05,509 [INFO] PluginManage:310 - Check plugin ddr
2026-03-29 14:14:05,511 [INFO] PluginManage:359 - Loaded plugin ddr (category:tool,tabindex:6)
2026-03-29 14:14:05,512 [INFO] PluginManage:310 - Check plugin filemanager
2026-03-29 14:14:05,662 [INFO] PluginManage:359 - Loaded plugin filemanager (category:base,tabindex:10)
2026-03-29 14:14:05,662 [INFO] PluginManage:310 - Check plugin ipmanager
2026-03-29 14:14:05,668 [INFO] PluginManage:359 - Loaded plugin ipmanager (category:base,tabindex:5)
2026-03-29 14:14:05,668 [INFO] PluginManage:310 - Check plugin lpbam
2026-03-29 14:14:05,676 [INFO] PluginManage:359 - Loaded plugin lpbam (category:base,tabindex:0)
2026-03-29 14:14:05,677 [INFO] PluginManage:310 - Check plugin memorymap
2026-03-29 14:14:05,689 [INFO] PluginManage:359 - Loaded plugin memorymap (category:base,tabindex:4)
2026-03-29 14:14:05,689 [INFO] PluginManage:310 - Check plugin pinoutandconfiguration
2026-03-29 14:14:05,696 [INFO] PluginManage:359 - Loaded plugin pinoutandconfiguration (category:base,tabindex:1)
2026-03-29 14:14:05,696 [INFO] PluginManage:310 - Check plugin pinoutconfig
2026-03-29 14:14:05,779 [WARN] SupportedApi:132 - Cannot load RTOS API schema: s4s-elt-must-match.1: The content of 'definitions' must match (annotation?, (simpleType | complexType)?, (unique | key | keyref)*)). A problem was found starting at: attribute.
2026-03-29 14:14:05,910 [INFO] PluginManage:359 - Loaded plugin pinoutconfig (category:base,tabindex:0)
2026-03-29 14:14:05,910 [INFO] PluginManage:310 - Check plugin power
2026-03-29 14:14:05,917 [INFO] PluginManage:359 - Loaded plugin power (category:power,tabindex:4)
2026-03-29 14:14:05,917 [INFO] PluginManage:310 - Check plugin projectmanager
2026-03-29 14:14:05,936 [INFO] PluginManage:359 - Loaded plugin projectmanager (category:projectmanager,tabindex:4)
2026-03-29 14:14:05,936 [INFO] PluginManage:310 - Check plugin rif
2026-03-29 14:14:05,944 [INFO] PluginManage:359 - Loaded plugin rif (category:base,tabindex:3)
2026-03-29 14:14:05,945 [INFO] PluginManage:310 - Check plugin thirdparty
2026-03-29 14:14:06,081 [INFO] PluginManage:359 - Loaded plugin thirdparty (category:base,tabindex:-1)
2026-03-29 14:14:06,081 [INFO] PluginManage:310 - Check plugin tools
2026-03-29 14:14:06,081 [WARN] IntegrityCheckThread:84 - waiting for thirdparty lock release [integrity check]
2026-03-29 14:14:06,082 [INFO] IntegrityCheckThread:86 - entering critical section [integrity check]
2026-03-29 14:14:06,082 [INFO] ThirdPartyUpdaterWithRetryManager:70 - Updater plugin not ready yet. [1/15]
2026-03-29 14:14:06,085 [INFO] PluginManage:359 - Loaded plugin tools (category:base,tabindex:7)
2026-03-29 14:14:06,085 [INFO] PluginManage:310 - Check plugin tutovideos
2026-03-29 14:14:06,380 [INFO] PluginManage:359 - Loaded plugin tutovideos (category:base,tabindex:-1)
2026-03-29 14:14:06,381 [INFO] PluginManage:310 - Check plugin updater
2026-03-29 14:14:06,403 [INFO] PluginManage:359 - Loaded plugin updater (category:base,tabindex:12)
2026-03-29 14:14:06,403 [INFO] PluginManage:310 - Check plugin userauth
2026-03-29 14:14:06,408 [INFO] UserAuth:118 - Init User Auth plugin
2026-03-29 14:14:06,410 [INFO] PluginManage:359 - Loaded plugin userauth (category:base,tabindex:14)
2026-03-29 14:14:06,411 [INFO] PluginManage:283 - PluginManage : Loaded plugins [18]
2026-03-29 14:14:06,633 [INFO] PinOutPanel:1589 - setPackage(No Configuration,No Configuration)
2026-03-29 14:14:06,787 [INFO] CADModel:165 - CPN selected for project level
2026-03-29 14:14:06,787 [INFO] CADModel:114 - Register for checkConnection events
2026-03-29 14:14:06,822 [INFO] IPUIPlugin:80 - create IPUIPlugin
2026-03-29 14:14:06,823 [INFO] PluginManager:220 - loadIPPluginJar : add adc
2026-03-29 14:14:06,828 [INFO] IPUIPlugin:80 - create IPUIPlugin
2026-03-29 14:14:06,828 [INFO] PluginManager:220 - loadIPPluginJar : add aes
2026-03-29 14:14:06,834 [INFO] IPUIPlugin:80 - create IPUIPlugin
2026-03-29 14:14:06,834 [INFO] PluginManager:220 - loadIPPluginJar : add can
2026-03-29 14:14:06,838 [INFO] IPUIPlugin:80 - create IPUIPlugin
2026-03-29 14:14:06,838 [INFO] PluginManager:220 - loadIPPluginJar : add comp
2026-03-29 14:14:06,843 [INFO] IPUIPlugin:80 - create IPUIPlugin
2026-03-29 14:14:06,843 [INFO] PluginManager:220 - loadIPPluginJar : add cryp
2026-03-29 14:14:06,849 [INFO] IPUIPlugin:80 - create IPUIPlugin
2026-03-29 14:14:06,849 [INFO] PluginManager:220 - loadIPPluginJar : add ddr_ctrl_phy
2026-03-29 14:14:06,854 [INFO] IPUIPlugin:80 - create IPUIPlugin
2026-03-29 14:14:06,854 [INFO] PluginManager:220 - loadIPPluginJar : add dfsdm
2026-03-29 14:14:06,865 [INFO] IPUIPlugin:80 - create IPUIPlugin
2026-03-29 14:14:06,866 [INFO] PluginManager:220 - loadIPPluginJar : add dma
2026-03-29 14:14:06,872 [INFO] IPUIPlugin:80 - create IPUIPlugin
2026-03-29 14:14:06,872 [INFO] PluginManager:220 - loadIPPluginJar : add dma3
2026-03-29 14:14:06,878 [INFO] IPUIPlugin:80 - create IPUIPlugin
2026-03-29 14:14:06,878 [INFO] PluginManager:220 - loadIPPluginJar : add extmemmanager
2026-03-29 14:14:06,882 [INFO] IPUIPlugin:80 - create IPUIPlugin
2026-03-29 14:14:06,882 [INFO] PluginManager:220 - loadIPPluginJar : add fatfs
2026-03-29 14:14:06,890 [INFO] IPUIPlugin:80 - create IPUIPlugin
2026-03-29 14:14:06,890 [INFO] PluginManager:220 - loadIPPluginJar : add fmc
2026-03-29 14:14:06,921 [INFO] IPUIPlugin:80 - create IPUIPlugin
2026-03-29 14:14:06,921 [INFO] PluginManager:220 - loadIPPluginJar : add freertos
2026-03-29 14:14:06,927 [INFO] IPUIPlugin:80 - create IPUIPlugin
2026-03-29 14:14:06,927 [INFO] PluginManager:220 - loadIPPluginJar : add genericplugin
2026-03-29 14:14:06,932 [INFO] IPUIPlugin:80 - create IPUIPlugin
2026-03-29 14:14:06,932 [INFO] PluginManager:220 - loadIPPluginJar : add gfxmmu
2026-03-29 14:14:06,941 [INFO] IPUIPlugin:80 - create IPUIPlugin
2026-03-29 14:14:06,941 [INFO] PluginManager:220 - loadIPPluginJar : add gic
2026-03-29 14:14:06,948 [INFO] IPUIPlugin:80 - create IPUIPlugin
2026-03-29 14:14:06,948 [INFO] PluginManager:220 - loadIPPluginJar : add gpio
2026-03-29 14:14:06,952 [INFO] IPUIPlugin:80 - create IPUIPlugin
2026-03-29 14:14:06,952 [INFO] PluginManager:220 - loadIPPluginJar : add gtzc
2026-03-29 14:14:06,956 [INFO] IPUIPlugin:80 - create IPUIPlugin
2026-03-29 14:14:06,956 [INFO] PluginManager:220 - loadIPPluginJar : add hash
2026-03-29 14:14:06,961 [INFO] IPUIPlugin:80 - create IPUIPlugin
2026-03-29 14:14:06,961 [INFO] PluginManager:220 - loadIPPluginJar : add i2c
2026-03-29 14:14:06,964 [INFO] IPUIPlugin:80 - create IPUIPlugin
2026-03-29 14:14:06,965 [INFO] PluginManager:220 - loadIPPluginJar : add i2s
2026-03-29 14:14:06,971 [INFO] IPUIPlugin:80 - create IPUIPlugin
2026-03-29 14:14:06,971 [INFO] PluginManager:220 - loadIPPluginJar : add i3c
2026-03-29 14:14:06,980 [INFO] IPUIPlugin:80 - create IPUIPlugin
2026-03-29 14:14:06,980 [INFO] PluginManager:220 - loadIPPluginJar : add ipddr
2026-03-29 14:14:06,990 [INFO] IPUIPlugin:80 - create IPUIPlugin
2026-03-29 14:14:06,991 [INFO] PluginManager:220 - loadIPPluginJar : add linkedlist
2026-03-29 14:14:06,998 [INFO] IPUIPlugin:80 - create IPUIPlugin
2026-03-29 14:14:06,998 [INFO] PluginManager:220 - loadIPPluginJar : add lorawan
2026-03-29 14:14:07,001 [INFO] IPUIPlugin:80 - create IPUIPlugin
2026-03-29 14:14:07,002 [INFO] PluginManager:220 - loadIPPluginJar : add ltdc
2026-03-29 14:14:07,014 [INFO] IPUIPlugin:80 - create IPUIPlugin
2026-03-29 14:14:07,014 [INFO] PluginManager:220 - loadIPPluginJar : add mdma
2026-03-29 14:14:07,023 [INFO] IPUIPlugin:80 - create IPUIPlugin
2026-03-29 14:14:07,023 [INFO] PluginManager:220 - loadIPPluginJar : add nvic
2026-03-29 14:14:07,029 [INFO] IPUIPlugin:80 - create IPUIPlugin
2026-03-29 14:14:07,029 [INFO] PluginManager:220 - loadIPPluginJar : add opamp
2026-03-29 14:14:07,034 [INFO] IPUIPlugin:80 - create IPUIPlugin
2026-03-29 14:14:07,035 [INFO] PluginManager:220 - loadIPPluginJar : add openamp
2026-03-29 14:14:07,039 [INFO] IPUIPlugin:80 - create IPUIPlugin
2026-03-29 14:14:07,039 [INFO] PluginManager:220 - loadIPPluginJar : add pdm2pcm
2026-03-29 14:14:07,046 [INFO] IPUIPlugin:80 - create IPUIPlugin
2026-03-29 14:14:07,049 [INFO] PluginManager:220 - loadIPPluginJar : add plateformsettings
2026-03-29 14:14:07,051 [INFO] IPUIPlugin:80 - create IPUIPlugin
2026-03-29 14:14:07,051 [INFO] PluginManager:220 - loadIPPluginJar : add quadspi
2026-03-29 14:14:07,053 [INFO] IPUIPlugin:80 - create IPUIPlugin
2026-03-29 14:14:07,054 [INFO] PluginManager:220 - loadIPPluginJar : add radio
2026-03-29 14:14:07,057 [INFO] IPUIPlugin:80 - create IPUIPlugin
2026-03-29 14:14:07,057 [INFO] PluginManager:220 - loadIPPluginJar : add resmgrutility
2026-03-29 14:14:07,060 [INFO] IPUIPlugin:80 - create IPUIPlugin
2026-03-29 14:14:07,060 [INFO] PluginManager:220 - loadIPPluginJar : add sai
2026-03-29 14:14:07,062 [INFO] IPUIPlugin:80 - create IPUIPlugin
2026-03-29 14:14:07,062 [INFO] PluginManager:220 - loadIPPluginJar : add spi
2026-03-29 14:14:07,069 [INFO] IPUIPlugin:80 - create IPUIPlugin
2026-03-29 14:14:07,069 [INFO] PluginManager:220 - loadIPPluginJar : add stm32_wpan
2026-03-29 14:14:07,070 [INFO] IPUIPlugin:80 - create IPUIPlugin
2026-03-29 14:14:07,071 [INFO] PluginManager:220 - loadIPPluginJar : add tim
2026-03-29 14:14:07,074 [INFO] IPUIPlugin:80 - create IPUIPlugin
2026-03-29 14:14:07,074 [INFO] PluginManager:220 - loadIPPluginJar : add touchsensing
2026-03-29 14:14:07,076 [INFO] IPUIPlugin:80 - create IPUIPlugin
2026-03-29 14:14:07,076 [INFO] PluginManager:220 - loadIPPluginJar : add tracer_emb
2026-03-29 14:14:07,077 [INFO] IPUIPlugin:80 - create IPUIPlugin
2026-03-29 14:14:07,078 [INFO] PluginManager:220 - loadIPPluginJar : add ts
2026-03-29 14:14:07,079 [INFO] IPUIPlugin:80 - create IPUIPlugin
2026-03-29 14:14:07,079 [INFO] PluginManager:220 - loadIPPluginJar : add tsc
2026-03-29 14:14:07,081 [INFO] IPUIPlugin:80 - create IPUIPlugin
2026-03-29 14:14:07,081 [INFO] PluginManager:220 - loadIPPluginJar : add ucpd
2026-03-29 14:14:07,084 [INFO] IPUIPlugin:80 - create IPUIPlugin
2026-03-29 14:14:07,084 [INFO] PluginManager:220 - loadIPPluginJar : add usart
2026-03-29 14:14:07,087 [INFO] IPUIPlugin:80 - create IPUIPlugin
2026-03-29 14:14:07,087 [INFO] PluginManager:220 - loadIPPluginJar : add usbx
2026-03-29 14:14:07,223 [FATAL] Updater:351 - Updater called before beeing initialized
2026-03-29 14:14:07,253 [INFO] RulesReader:64 - Compatibility file has been processed (317 Rules)
2026-03-29 14:14:07,262 [INFO] RulesReader:64 - Compatibility file has been processed (317 Rules)
2026-03-29 14:14:07,277 [INFO] CADModel:165 - CPN selected for project level
2026-03-29 14:14:07,277 [INFO] CADModel:114 - Register for checkConnection events
2026-03-29 14:14:07,277 [FATAL] Updater:351 - Updater called before beeing initialized
2026-03-29 14:14:07,277 [ERROR] CADModel:125 - Updater not yet initialized, retry later 
2026-03-29 14:14:07,478 [FATAL] Updater:351 - Updater called before beeing initialized
2026-03-29 14:14:07,480 [INFO] CADModel:165 - CPN selected for project level
2026-03-29 14:14:07,480 [INFO] CADModel:114 - Register for checkConnection events
2026-03-29 14:14:07,480 [FATAL] Updater:351 - Updater called before beeing initialized
2026-03-29 14:14:07,480 [ERROR] CADModel:125 - Updater not yet initialized, retry later 
2026-03-29 14:14:07,485 [FATAL] Updater:351 - Updater called before beeing initialized
2026-03-29 14:14:07,622 [FATAL] Updater:351 - Updater called before beeing initialized
2026-03-29 14:14:07,627 [INFO] DbMcusAds:53 - JSON generation date=Thu Mar 05 23:32:53 KST 2026 (1772721173050)
2026-03-29 14:14:07,627 [FATAL] Updater:351 - Updater called before beeing initialized
2026-03-29 14:14:07,656 [WARN] DetailPanel:346 - Failed to get advertising image, set to default
2026-03-29 14:14:07,740 [FATAL] Updater:351 - Updater called before beeing initialized
2026-03-29 14:14:07,743 [FATAL] Updater:351 - Updater called before beeing initialized
2026-03-29 14:14:07,743 [FATAL] Updater:351 - Updater called before beeing initialized
2026-03-29 14:14:07,743 [WARN] DetailPanel:346 - Failed to get advertising image, set to default
2026-03-29 14:14:07,744 [FATAL] Updater:351 - Updater called before beeing initialized
2026-03-29 14:14:07,788 [ERROR] Updater:1198 - MainUpdater not yet initialized. External WinMGr cannot be set.
2026-03-29 14:14:07,790 [INFO] Updater:1134 - Updater Version found : 6.15.0
2026-03-29 14:14:07,807 [INFO] ApplicationProperties:184 - Using Application install path: C:\ST\STM32CubeIDE_1.19.0\STM32CubeIDE\plugins\com.st.stm32cube.common.mx_6.15.0.202507011659
2026-03-29 14:14:08,279 [INFO] MainUpdater:2872 - connection check result : 10
2026-03-29 14:14:08,280 [INFO] MainUpdater:289 - Updater Check For Update Now.
2026-03-29 14:14:08,280 [INFO] MicroXplorer:498 - Change Database Version : DB.6.0.150
2026-03-29 14:14:08,293 [INFO] McuFinderGlobals:63 - Set McuFinder mode to 2 (CubeIDE integrated)
2026-03-29 14:14:08,294 [INFO] UserAuth:487 - Internet connection configuration mode: 1
2026-03-29 14:14:08,348 [INFO] JxBrowserEngine:152 - Initiate JxBrowser Engine with user profile folder
2026-03-29 14:14:08,490 [INFO] CheckServerUpdateThread:120 - End of CheckServer Thread
2026-03-29 14:14:09,339 [WARN] PackLoader:240 - Cannot read IP mode file for STMicroelectronics.X-CUBE-AZRTOS-H7.3.5.0
2026-03-29 14:14:09,349 [WARN] PackLoader:240 - Cannot read IP mode file for STMicroelectronics.FP-SNS-MOTENVWB1.1.4.0
2026-03-29 14:14:09,355 [WARN] PackLoader:240 - Cannot read IP mode file for STMicroelectronics.FP-ATR-ASTRA1.2.0.2
2026-03-29 14:14:09,365 [WARN] PackLoader:240 - Cannot read IP mode file for STMicroelectronics.X-CUBE-SMBUS.2.1.0
2026-03-29 14:14:09,371 [WARN] PackLoader:240 - Cannot read IP mode file for STMicroelectronics.X-CUBE-ST60.1.0.0
2026-03-29 14:14:09,387 [WARN] PackLoader:240 - Cannot read IP mode file for STMicroelectronics.X-CUBE-AZRTOS-F7.1.1.0
2026-03-29 14:14:09,394 [WARN] PackLoader:240 - Cannot read IP mode file for STMicroelectronics.FP-SNS-MOTENV1.5.1.0
2026-03-29 14:14:09,415 [WARN] PackLoader:240 - Cannot read IP mode file for Infineon.AIROC-Wi-Fi-Bluetooth-STM32.1.7.1
2026-03-29 14:14:09,433 [WARN] PackLoader:240 - Cannot read IP mode file for STMicroelectronics.X-CUBE-AZRTOS-H7.3.4.0
2026-03-29 14:14:09,441 [WARN] PackLoader:240 - Cannot read IP mode file for STMicroelectronics.X-CUBE-DISPLAY.3.0.0
2026-03-29 14:14:09,446 [WARN] PackLoader:240 - Cannot read IP mode file for STMicroelectronics.FP-SNS-MOTENVWB1.1.5.0
2026-03-29 14:14:09,452 [WARN] PackLoader:240 - Cannot read IP mode file for STMicroelectronics.X-CUBE-NFC10.1.0.0
2026-03-29 14:14:09,456 [WARN] PackLoader:240 - Cannot read IP mode file for STMicroelectronics.X-CUBE-ST60.1.1.0
2026-03-29 14:14:09,461 [WARN] PackLoader:240 - Cannot read IP mode file for emotas.I-CUBE-CANOPEN.1.3.0
2026-03-29 14:14:09,466 [WARN] PackLoader:240 - Cannot read IP mode file for STMicroelectronics.X-CUBE-GNSS1.7.1.0
2026-03-29 14:14:09,472 [WARN] PackLoader:240 - Cannot read IP mode file for STMicroelectronics.FP-SNS-STBOX1.2.1.0
2026-03-29 14:14:09,476 [WARN] PackLoader:240 - Cannot read IP mode file for STMicroelectronics.FP-SNS-SMARTAG2.1.2.0
2026-03-29 14:14:09,480 [WARN] PackLoader:240 - Cannot read IP mode file for STMicroelectronics.FP-SNS-FLIGHT1.5.1.0
2026-03-29 14:14:09,486 [INFO] LogOutputStream:77 - [STDOUT_REDIRECT] 1 : Invalid condition id : UX_CORESTACK_Condition cause : null
2026-03-29 14:14:09,487 [INFO] LogOutputStream:77 - [STDOUT_REDIRECT] 1 : Invalid condition id : UX_CORESTACK_Condition cause : null
2026-03-29 14:14:09,489 [INFO] LogOutputStream:77 - [STDOUT_REDIRECT] 1 : Invalid condition id : UX_CORESTACK_Condition cause : null
2026-03-29 14:14:09,491 [INFO] LogOutputStream:77 - [STDOUT_REDIRECT] 1 : Invalid condition id : UX_CORESTACK_Condition cause : null
2026-03-29 14:14:09,493 [INFO] LogOutputStream:77 - [STDOUT_REDIRECT] 1 : Invalid condition id : UX_CORESTACK_Condition cause : null
2026-03-29 14:14:09,495 [WARN] PackLoader:240 - Cannot read IP mode file for STMicroelectronics.X-CUBE-AZRTOS-WL.2.0.0
2026-03-29 14:14:09,499 [WARN] PackLoader:240 - Cannot read IP mode file for STMicroelectronics.FP-SNS-MOTENV1.5.0.0
2026-03-29 14:14:09,510 [WARN] PackLoader:240 - Cannot read IP mode file for STMicroelectronics.X-CUBE-AZRTOS-H7RS.1.2.0
2026-03-29 14:14:09,521 [WARN] PackLoader:240 - Cannot read IP mode file for WES.I-CUBE-Cesium.1.3.0
2026-03-29 14:14:09,528 [WARN] PackLoader:240 - Cannot read IP mode file for STMicroelectronics.X-CUBE-BLE2.3.3.0
2026-03-29 14:14:09,551 [WARN] PackLoader:240 - Cannot read IP mode file for STMicroelectronics.X-CUBE-NFC9.1.0.0
2026-03-29 14:14:09,556 [WARN] PackLoader:240 - Cannot read IP mode file for wolfSSL.I-CUBE-wolfSSL.5.8.2
2026-03-29 14:14:09,561 [WARN] PackLoader:240 - Cannot read IP mode file for STMicroelectronics.X-CUBE-BLE1.7.1.0
2026-03-29 14:14:09,564 [WARN] PackLoader:240 - Cannot read IP mode file for wolfSSL.I-CUBE-wolfMQTT.1.19.2
2026-03-29 14:14:09,570 [WARN] PackLoader:240 - Cannot read IP mode file for STMicroelectronics.X-CUBE-FREERTOS.1.4.0
2026-03-29 14:14:09,576 [WARN] PackLoader:240 - Cannot read IP mode file for STMicroelectronics.X-CUBE-EEPRMA1.5.2.0
2026-03-29 14:14:09,581 [WARN] PackLoader:240 - Cannot read IP mode file for STMicroelectronics.X-CUBE-ST67W61.1.1.0
2026-03-29 14:14:09,614 [WARN] PackLoader:240 - Cannot read IP mode file for STMicroelectronics.X-CUBE-MEMS1.12.0.0
2026-03-29 14:14:09,674 [WARN] PackLoader:240 - Cannot read IP mode file for STMicroelectronics.X-CUBE-AZRTOS-G0.1.1.0
2026-03-29 14:14:09,680 [WARN] PackLoader:240 - Cannot read IP mode file for STMicroelectronics.X-CUBE-SAFEA1.1.2.2
2026-03-29 14:14:09,684 [WARN] PackLoader:240 - Cannot read IP mode file for STMicroelectronics.X-CUBE-NFC4.3.0.0
2026-03-29 14:14:09,690 [WARN] PackLoader:240 - Cannot read IP mode file for EmbeddedOffice.I-CUBE-FS-RTOS.1.0.1
2026-03-29 14:14:09,694 [WARN] PackLoader:240 - Cannot read IP mode file for STMicroelectronics.X-CUBE-WB05N.2.0.0
2026-03-29 14:14:09,698 [WARN] PackLoader:240 - Cannot read IP mode file for wolfSSL.I-CUBE-wolfTPM.3.8.0
2026-03-29 14:14:09,702 [WARN] PackLoader:240 - Cannot read IP mode file for STMicroelectronics.X-CUBE-TCPP.4.2.0
2026-03-29 14:14:09,707 [WARN] PackLoader:240 - Cannot read IP mode file for RealThread.X-CUBE-RT-Thread_Nano.4.1.1
2026-03-29 14:14:09,711 [WARN] PackLoader:240 - Cannot read IP mode file for STMicroelectronics.FP-ATR-SIGFOX1.3.2.0
2026-03-29 14:14:09,714 [WARN] PackLoader:240 - Cannot read IP mode file for STMicroelectronics.X-CUBE-FREERTOS.1.5.0
2026-03-29 14:14:09,726 [WARN] PackLoader:240 - Cannot read IP mode file for ITTIA_DB.I-CUBE-ITTIADB.8.9.0
2026-03-29 14:14:09,736 [WARN] PackLoader:240 - Cannot read IP mode file for STMicroelectronics.X-CUBE-NFC6.3.2.0
2026-03-29 14:14:09,751 [WARN] PackLoader:240 - Cannot read IP mode file for STMicroelectronics.X-CUBE-ST67W61.1.0.0
2026-03-29 14:14:09,785 [WARN] PackLoader:240 - Cannot read IP mode file for STMicroelectronics.X-CUBE-AI.10.2.0
2026-03-29 14:14:09,820 [WARN] PackLoader:240 - Cannot read IP mode file for SEGGER.I-CUBE-embOS.1.3.1
2026-03-29 14:14:09,851 [WARN] PackLoader:240 - Cannot read IP mode file for STMicroelectronics.X-CUBE-ALGOBUILD.1.4.0
2026-03-29 14:14:09,885 [WARN] PackLoader:240 - Cannot read IP mode file for STMicroelectronics.X-CUBE-MEMS1.11.3.0
2026-03-29 14:14:09,982 [WARN] PackLoader:240 - Cannot read IP mode file for STMicroelectronics.X-CUBE-PM33A1.1.0.0
2026-03-29 14:14:09,994 [WARN] PackLoader:240 - Cannot read IP mode file for STMicroelectronics.X-CUBE-AZRTOS-F4.1.1.0
2026-03-29 14:14:09,999 [WARN] PackLoader:240 - Cannot read IP mode file for Avnet-IotConnect.X-CUBE-IoTC-DA16k-PMOD.1.0.0
2026-03-29 14:14:10,003 [WARN] PackLoader:240 - Cannot read IP mode file for STMicroelectronics.X-CUBE-ISPU.2.1.0
2026-03-29 14:14:10,012 [WARN] PackLoader:240 - Cannot read IP mode file for STMicroelectronics.X-CUBE-IPS.3.2.0
2026-03-29 14:14:10,024 [WARN] PackLoader:240 - Cannot read IP mode file for STMicroelectronics.X-CUBE-NFC12.1.0.0
2026-03-29 14:14:10,055 [WARN] PackLoader:240 - Cannot read IP mode file for STMicroelectronics.X-CUBE-AZRTOS-L5.2.0.0
2026-03-29 14:14:10,063 [WARN] PackLoader:240 - Cannot read IP mode file for STMicroelectronics.X-CUBE-NFC6.3.1.0
2026-03-29 14:14:10,071 [WARN] PackLoader:240 - Cannot read IP mode file for STMicroelectronics.X-CUBE-FREERTOS.1.3.1
2026-03-29 14:14:10,085 [WARN] PackLoader:240 - Cannot read IP mode file for STMicroelectronics.X-CUBE-TOUCHGFX.4.26.0
2026-03-29 14:14:10,090 [WARN] PackLoader:240 - Cannot read IP mode file for STMicroelectronics.X-CUBE-TOUCHGFX.4.26.1
2026-03-29 14:14:10,098 [WARN] PackLoader:240 - Cannot read IP mode file for STMicroelectronics.FP-SNS-STAIOTCFT.1.0.0
2026-03-29 14:14:10,105 [WARN] PackLoader:240 - Cannot read IP mode file for STMicroelectronics.X-CUBE-DPower.1.3.0
2026-03-29 14:14:10,124 [WARN] ConditionMgr:438 - getConditionDescription Invalid condition id : LAN8742 Phy interface Condition cause : null
2026-03-29 14:14:10,124 [WARN] PackLoader:240 - Cannot read IP mode file for STMicroelectronics.X-CUBE-AZRTOS-L4.2.0.0
2026-03-29 14:14:10,125 [WARN] ConditionMgr:1044 - genDependencies : Invalid condition id : LAN8742 Phy interface Condition cause : null
2026-03-29 14:14:10,125 [WARN] ConditionMgr:1044 - genDependencies : Invalid condition id : LAN8742 Phy interface Condition cause : null
2026-03-29 14:14:10,127 [WARN] ConditionMgr:1044 - genDependencies : Invalid condition id : LAN8742 Phy interface Condition cause : null
2026-03-29 14:14:10,136 [WARN] PackLoader:240 - Cannot read IP mode file for STMicroelectronics.X-CUBE-SFXS2LP1.4.0.0
2026-03-29 14:14:10,143 [WARN] PackLoader:240 - Cannot read IP mode file for STMicroelectronics.X-CUBE-ST67W61.1.2.0
2026-03-29 14:14:10,156 [WARN] PackLoader:240 - Cannot read IP mode file for STMicroelectronics.X-CUBE-BLEMGR.4.1.0
2026-03-29 14:14:10,170 [WARN] ConditionMgr:438 - getConditionDescription Invalid condition id : UX DEVICE CLASS RTOS Condition cause : null
2026-03-29 14:14:10,170 [WARN] ConditionMgr:438 - getConditionDescription Invalid condition id : UX DEVICE CLASS RTOS Condition cause : null
2026-03-29 14:14:10,172 [WARN] PackLoader:240 - Cannot read IP mode file for STMicroelectronics.X-CUBE-AZRTOS-WB.2.0.0
2026-03-29 14:14:10,173 [WARN] ConditionMgr:1044 - genDependencies : Invalid condition id : UX DEVICE CLASS RTOS Condition cause : null
2026-03-29 14:14:10,173 [WARN] ConditionMgr:1044 - genDependencies : Invalid condition id : UX DEVICE CLASS RTOS Condition cause : null
2026-03-29 14:14:10,174 [WARN] ConditionMgr:1044 - genDependencies : Invalid condition id : UX DEVICE CLASS RTOS Condition cause : null
2026-03-29 14:14:10,174 [WARN] ConditionMgr:1044 - genDependencies : Invalid condition id : UX DEVICE CLASS RTOS Condition cause : null
2026-03-29 14:14:10,174 [WARN] ConditionMgr:1044 - genDependencies : Invalid condition id : UX DEVICE CLASS RTOS Condition cause : null
2026-03-29 14:14:10,180 [WARN] PackLoader:240 - Cannot read IP mode file for STMicroelectronics.X-CUBE-GNSS1.7.0.1
2026-03-29 14:14:10,185 [WARN] PackLoader:240 - Cannot read IP mode file for STMicroelectronics.X-CUBE-TOUCHGFX.4.25.0
2026-03-29 14:14:10,190 [WARN] ConditionMgr:438 - getConditionDescription Invalid condition id : Cortex-A Device cause : null
2026-03-29 14:14:10,200 [WARN] ConditionMgr:1044 - genDependencies : Invalid condition id : Cortex-A Device cause : null
2026-03-29 14:14:10,201 [WARN] ConditionMgr:1044 - genDependencies : Invalid condition id : Cortex-A Device cause : null
2026-03-29 14:14:10,201 [WARN] ConditionMgr:1044 - genDependencies : Invalid condition id : Cortex-A Device cause : null
2026-03-29 14:14:10,208 [WARN] PackLoader:240 - Cannot read IP mode file for STMicroelectronics.X-CUBE-STSE01.2.0.0
2026-03-29 14:14:10,216 [WARN] PackLoader:240 - Cannot read IP mode file for STMicroelectronics.X-CUBE-SUBG2.5.0.0
2026-03-29 14:14:10,230 [WARN] PackLoader:240 - Cannot read IP mode file for STMicroelectronics.X-CUBE-AZRTOS-H7RS.1.1.0
2026-03-29 14:14:10,236 [WARN] PackLoader:240 - Cannot read IP mode file for Cesanta.I-CUBE-Mongoose.7.13.0
2026-03-29 14:14:10,247 [WARN] PackLoader:240 - Cannot read IP mode file for STMicroelectronics.X-CUBE-AZRTOS-G4.2.0.0
2026-03-29 14:14:10,253 [WARN] PackLoader:240 - Cannot read IP mode file for wolfSSL.I-CUBE-wolfSSH.1.4.20
2026-03-29 14:14:10,258 [WARN] PackLoader:240 - Cannot read IP mode file for STMicroelectronics.X-CUBE-NFC7.2.0.0
2026-03-29 14:14:10,269 [WARN] PackLoader:240 - Cannot read IP mode file for STMicroelectronics.X-CUBE-IPS.3.1.0
2026-03-29 14:14:10,296 [WARN] PackLoader:240 - Cannot read IP mode file for STMicroelectronics.X-CUBE-ALS.1.0.2
2026-03-29 14:14:10,305 [WARN] PackLoader:240 - Cannot read IP mode file for STMicroelectronics.X-CUBE-STSE01.1.0.0
2026-03-29 14:14:10,315 [WARN] PackLoader:240 - Cannot read IP mode file for portGmbH.I-Cube-SoM-uGOAL.1.1.0
2026-03-29 14:14:10,328 [WARN] PackLoader:240 - Cannot read IP mode file for STMicroelectronics.X-CUBE-TOF1.3.4.3
2026-03-29 14:14:10,340 [INFO] ThirdParty:978 - Integrity check success = true
2026-03-29 14:14:10,340 [INFO] IntegrityCheckThread:100 - exiting critical section [integrity check]
2026-03-29 14:14:10,340 [INFO] IntegrityCheckThread:103 - End integrity checks thread
2026-03-29 14:14:11,051 [INFO] WebApp:169 - Instantiating new browser for Auth
2026-03-29 14:14:11,882 [INFO] WebApp:463 - Apply proxy settings
2026-03-29 14:14:11,882 [INFO] WebApp:548 - Chromium requires no authentication
2026-03-29 14:14:11,892 [INFO] WebApp:491 - Direct internet connection detected
2026-03-29 14:14:11,919 [INFO] WebApp:900 - Register for checkConnection events
2026-03-29 14:14:11,920 [INFO] WebApp:463 - Apply proxy settings
2026-03-29 14:14:11,920 [INFO] WebApp:548 - Chromium requires no authentication
2026-03-29 14:14:11,921 [INFO] WebApp:491 - Direct internet connection detected
2026-03-29 14:14:12,117 [INFO] WebApp:225 - Starting web application
2026-03-29 14:14:12,117 [INFO] WebApp:593 - Web application path used C:\ST\STM32CubeIDE_1.19.0\STM32CubeIDE\plugins\com.st.stm32cube.common.mx_6.15.0.202507011659\db\plugins\mcufinder\reactClient1\index.html
2026-03-29 14:14:12,331 [INFO] WebApp:191 - Connection restablished
2026-03-29 14:14:12,337 [INFO] UserAuth:487 - Internet connection configuration mode: 1
2026-03-29 14:27:45,840 [INFO] WebApp:194 - Connection lost
2026-03-29 14:27:50,745 [INFO] WebApp:191 - Connection restablished
2026-03-29 14:27:53,896 [INFO] WebApp:194 - Connection lost
2026-03-29 14:27:54,271 [INFO] WebApp:191 - Connection restablished
